
eDonors

7ed skipped due to banned
TPA2 skipped due to banned
1ed skipped due to banned
3ed skipped due to banned
2ed skipped due to banned

backbones

21b skipped due to banned
9b skipped due to banned
15b skipped due to banned
20b skipped due to banned
8b skipped due to banned
14b skipped due to banned
13b skipped due to banned
7b skipped due to banned
12b skipped due to banned
28b skipped due to banned
11b skipped due to banned
5b skipped due to banned
10b skipped due to banned
4b skipped due to banned
26b skipped due to banned
3b skipped due to banned
19b skipped due to banned
2b skipped due to banned
17b skipped due to banned
22b skipped due to banned

eAcceptors

{'local1': [('CN1C(C)(C)CC(C)C2=C1C=CC((BBD))=C2', '10ed', '1,2,2,4-tetramethyl-1,2,3,4-tetrahydroquinoline'), ('/(BBD)C=C(C1=CC=C(N(C2=CC=C(OC)C=C2)C3=CC=C(OC)C=C3)C=C1)\\C4=CC=C(N(C5=CC=C(OC)C=C5)C6=CC=C(OC)C=C6)C=C4', '12ed', "4,4'-(prop-1-ene-1,1-diyl)bis(N,N-bis(4-methoxyphenyl)aniline)"), ('CN1C(C)(C)CC(C)C2=C1C=CC(/C=C/C3=CC=C((BBD))S3)=C2', '9ed', '(E)-1,2,2,4-tetramethyl-6-(2-(thiophen-2-yl)vinyl)-1,2,3,4-tetrahydroquinoline'), ('N(BBD)(C1=CC=C(OC)C=C1)C2=CC=C(OC)C=C2', '6ed', 'bis(4-methoxyphenyl)amine'), ('CN1C(C)(C)CC(C)C2=C1C=CC(C3=CC4=C(C(SC((BBD))=C5)=C5S4)S3)=C2', '11ed', "6-(dithieno[3,2-b:2',3'-d]thiophen-2-yl)-1,2,2,4-tetramethyl-1,2,3,4-tetrahydroquinoline"), ('COC1=CC=C(N(C2=CC=C(OC)C=C2)C3=CC=C((BBD))C=C3)C=C1', '5ed', '4-methoxy-N-(4-methoxyphenyl)-N-phenylaniline')], 'local2': [('C(BBA)(C=C1)=CC=C1C2=C3C(N=S=N3)=C(C4=CC=C((BBD))C=C4)S2', '31b', 'B-BTD-B'), ('C(BBA)1=CC(C=C2)=C(C=C1)C=C2C#CC3=C(N=S=N4)C4=C(C#CC5=CC=C(C=C((BBD))C=C6)C6=C5)S3', '35b', 'naptrp'), ('C(BBA)1=CC=C(O1)C2=C3C(N=S=N3)=C(C4=CC=C((BBD))O4)S2', '29b', 'F-TTD-F'), ('C(BBA)1=CC2=C(S1)C(SC((BBD))=C3)=C3N2C4=CC=CC=C4', '6b', "4-phenyl-4H-dithieno[3,2-b:2',3'-d]pyrrole"), ('C(BBA)1=CN=C(S1)C2=C3C(N=S=N3)=C(C4=NC=C((BBD))S4)S2', '30b', 'Tz-TTD-Tz'), ('C(BBA)(C=C1)=CC=C1C#CC2=C(N=S=N3)C3=C(C#CC4=CC=C((BBD))C=C4)S2', '34b', 'trpBenzene'), ('C(BBA)1=CC(C=C2)=C(C=C1)C=C2C3=C4C(N=S=N4)=C(C5=CC6=C(C=C((BBD))C=C6)C=C5)S3', '33b', 'N-TTD-N'), ('C(BBD)1=CN=C(C=C1)C2=C3C(N=S=N3)=C(C4=CC=C((BBA))C=N4)S2', '32b', 'N-TTD-N'), ('CC(C=C((BBA))S1)=C1C2=CC(SC3=C4SC(C5=C(C)C=C(C#C(BBD))S5)=C3)=C4S2', '25b', "2-(5-ethynyl-3-methylthiophen-2-yl)-6-(3-methylthiophen-2-yl)dithieno[3,2-b:2',3'-d]thiophene"), ('CC1=C(C2=CC=C((BBA))S2)SC3=C1SC4=C3SC5=C4SC((BBD))=C5C', '24b', "3,7-dimethyl-2-(thiophen-2-yl)thieno[2',3':4,5]thieno[3,2-b]thieno[2,3-d]thiophene"), ('C(BBA)1=NC=C((BBD))C2=NSN=C12', '18b', '[1,2,5]thiadiazolo[3,4-c]pyridine'), ('C(BBA)1=C2C(N=CC=N2)=C((BBD))S1', '1b', 'thieno[3,4-b]pyrazine'), ('CN1C2=C(C=CC((BBA))=C2)C3=C1C=C((BBD))S3', '23b', '4-methyl-4H-thieno[3,2-b]indole'), ('C(BBA)1=C2C(N=S=N2)=C((BBD))S1', '16b', '3λ4,7-dithia-2,4-diazabicyclo[3.3.0]octa-1(8),2,3,5-tetraene')], 'local3': [('C(BBA)1=CC=C(C(O)=O)C=C1', '6ea', 'benzoic acid'), ('O=C(O)C1=CN=C((BBA))C=N1', '3ea', 'pyrazine-2-carboxylic acid'), ('N#C/C(C(O)=O)=C\\(BBA)', '8ea', '2-cyanoacrylic acid'), ('OC(C1=C(O)C=C(C#C(BBA))C=C1)=O', '11ea', '4-ethynyl-2-hydroxybenzoic acid'), ('C(BBA)1=CC=C(C(O)=O)C1', '5ea', 'cyclopenta-1,3-diene-1-carboxylic acid'), ('O=C(O)C1=CN=C((BBA))C=C1', '2ea', 'nicotinic acid'), ('CO[Si](OC)(OC)C1=CC=C((BBA))C=C1', '7ea', 'trimethoxy(phenyl)silane'), ('OC(/C(C#N)=C/C1=CC=C((BBA))S1)=O', '4ea', '(E)-2-cyano-3-(thiophen-2-yl)acrylic acid'), ('O=C(NO)C1=CC=C(C#C(BBA))C=C1', '10ea', '4-ethynyl-N-hydroxybenzamide'), ('O=C1C(O)=CC=C(C#C(BBA))C=C1', '9ea', '5-ethynyl-2-hydroxycyclohepta-2,4,6-trien-1-one'), ('C(BBA)1=CC=C(/C=C(C#N)/C(O)=O)C=C1', '1ea', '(E)-2-cyano-3-phenylacrylic acid')]}

/ddn/home3/r2652/chem/Dyes/results 10ed_31b_6ea
 ../../qsub_queue

/ddn/home3/r2652/chem/Dyes/results 10ed_31b_3ea
 ../../qsub_queue

/ddn/home3/r2652/chem/Dyes/results 10ed_31b_8ea
 ../../qsub_queue

/ddn/home3/r2652/chem/Dyes/results 10ed_31b_11ea
 ../../qsub_queue

/ddn/home3/r2652/chem/Dyes/results 10ed_31b_5ea
 ../../qsub_queue

/ddn/home3/r2652/chem/Dyes/results 10ed_31b_2ea
 ../../qsub_queue

/ddn/home3/r2652/chem/Dyes/results 10ed_31b_7ea
 ../../qsub_queue

/ddn/home3/r2652/chem/Dyes/results 10ed_31b_4ea
 ../../qsub_queue

/ddn/home3/r2652/chem/Dyes/results 10ed_31b_10ea
 ../../qsub_queue

/ddn/home3/r2652/chem/Dyes/results 10ed_31b_9ea
 ../../qsub_queue

/ddn/home3/r2652/chem/Dyes/results 10ed_31b_1ea
 ../../qsub_queue

