  1.0000 0.00000000
  1.0010 0.00000000
  1.0020 0.00000000
  1.0030 0.00000000
  1.0040 0.00000000
  1.0050 0.00000000
  1.0060 0.00000000
  1.0070 0.00000000
  1.0080 0.00000000
  1.0090 0.00000000
  1.0100 0.00000000
  1.0110 0.00000000
  1.0120 0.00000000
  1.0130 0.00000000
  1.0140 0.00000000
  1.0150 0.00000000
  1.0160 0.00000000
  1.0170 0.00000000
  1.0180 0.00000000
  1.0190 0.00000000
  1.0200 0.00000000
  1.0210 0.00000000
  1.0220 0.00000000
  1.0230 0.00000000
  1.0240 0.00000000
  1.0250 0.00000000
  1.0260 0.00000000
  1.0270 0.00000000
  1.0280 0.00000000
  1.0290 0.00000000
  1.0300 0.00000000
  1.0310 0.00000000
  1.0320 0.00000000
  1.0330 0.00000000
  1.0340 0.00000000
  1.0350 0.00000000
  1.0360 0.00000000
  1.0370 0.00000000
  1.0380 0.00000000
  1.0390 0.00000000
  1.0400 0.00000000
  1.0410 0.00000000
  1.0420 0.00000000
  1.0430 0.00000000
  1.0440 0.00000000
  1.0450 0.00000000
  1.0460 0.00000000
  1.0470 0.00000000
  1.0480 0.00000000
  1.0490 0.00000000
  1.0500 0.00000000
  1.0510 0.00000000
  1.0520 0.00000000
  1.0530 0.00000000
  1.0540 0.00000000
  1.0550 0.00000000
  1.0560 0.00000000
  1.0570 0.00000000
  1.0580 0.00000000
  1.0590 0.00000000
  1.0600 0.00000000
  1.0610 0.00000000
  1.0620 0.00000000
  1.0630 0.00000000
  1.0640 0.00000000
  1.0650 0.00000000
  1.0660 0.00000000
  1.0670 0.00000000
  1.0680 0.00000000
  1.0690 0.00000000
  1.0700 0.00000000
  1.0710 0.00000000
  1.0720 0.00000000
  1.0730 0.00000000
  1.0740 0.00000000
  1.0750 0.00000000
  1.0760 0.00000000
  1.0770 0.00000000
  1.0780 0.00000000
  1.0790 0.00000000
  1.0800 0.00000000
  1.0810 0.00000000
  1.0820 0.00000000
  1.0830 0.00000000
  1.0840 0.00000000
  1.0850 0.00000000
  1.0860 0.00000000
  1.0870 0.00000000
  1.0880 0.00000000
  1.0890 0.00000000
  1.0900 0.00000000
  1.0910 0.00000000
  1.0920 0.00000000
  1.0930 0.00000000
  1.0940 0.00000000
  1.0950 0.00000000
  1.0960 0.00000000
  1.0970 0.00000000
  1.0980 0.00000000
  1.0990 0.00000000
  1.1000 0.00000000
  1.1010 0.00000000
  1.1020 0.00000000
  1.1030 0.00000000
  1.1040 0.00000000
  1.1050 0.00000000
  1.1060 0.00000000
  1.1070 0.00000000
  1.1080 0.00000000
  1.1090 0.00000000
  1.1100 0.00000000
  1.1110 0.00000000
  1.1120 0.00000000
  1.1130 0.00000000
  1.1140 0.00000000
  1.1150 0.00000000
  1.1160 0.00000000
  1.1170 0.00000000
  1.1180 0.00000000
  1.1190 0.00000000
  1.1200 0.00000000
  1.1210 0.00000000
  1.1220 0.00000000
  1.1230 0.00000000
  1.1240 0.00000000
  1.1250 0.00000000
  1.1260 0.00000000
  1.1270 0.00000000
  1.1280 0.00000000
  1.1290 0.00000000
  1.1300 0.00000000
  1.1310 0.00000000
  1.1320 0.00000000
  1.1330 0.00000000
  1.1340 0.00000000
  1.1350 0.00000000
  1.1360 0.00000000
  1.1370 0.00000000
  1.1380 0.00000000
  1.1390 0.00000000
  1.1400 0.00000000
  1.1410 0.00000000
  1.1420 0.00000000
  1.1430 0.00000000
  1.1440 0.00000000
  1.1450 0.00000000
  1.1460 0.00000000
  1.1470 0.00000000
  1.1480 0.00000000
  1.1490 0.00000000
  1.1500 0.00000000
  1.1510 0.00000000
  1.1520 0.00000000
  1.1530 0.00000000
  1.1540 0.00000000
  1.1550 0.00000000
  1.1560 0.00000000
  1.1570 0.00000000
  1.1580 0.00000000
  1.1590 0.00000000
  1.1600 0.00000000
  1.1610 0.00000000
  1.1620 0.00000000
  1.1630 0.00000000
  1.1640 0.00000000
  1.1650 0.00000000
  1.1660 0.00000000
  1.1670 0.00000000
  1.1680 0.00000000
  1.1690 0.00000000
  1.1700 0.00000000
  1.1710 0.00000000
  1.1720 0.00000000
  1.1730 0.00000000
  1.1740 0.00000000
  1.1750 0.00000000
  1.1760 0.00000000
  1.1770 0.00000000
  1.1780 0.00000000
  1.1790 0.00000000
  1.1800 0.00000000
  1.1810 0.00000000
  1.1820 0.00000000
  1.1830 0.00000000
  1.1840 0.00000000
  1.1850 0.00000000
  1.1860 0.00000000
  1.1870 0.00000000
  1.1880 0.00000000
  1.1890 0.00000000
  1.1900 0.00000000
  1.1910 0.00000000
  1.1920 0.00000000
  1.1930 0.00000000
  1.1940 0.00000000
  1.1950 0.00000000
  1.1960 0.00000000
  1.1970 0.00000000
  1.1980 0.00000000
  1.1990 0.00000000
  1.2000 0.00000000
  1.2010 0.00000000
  1.2020 0.00000000
  1.2030 0.00000000
  1.2040 0.00000000
  1.2050 0.00000000
  1.2060 0.00000000
  1.2070 0.00000000
  1.2080 0.00000000
  1.2090 0.00000000
  1.2100 0.00000000
  1.2110 0.00000000
  1.2120 0.00000000
  1.2130 0.00000000
  1.2140 0.00000000
  1.2150 0.00000000
  1.2160 0.00000000
  1.2170 0.00000000
  1.2180 0.00000000
  1.2190 0.00000000
  1.2200 0.00000000
  1.2210 0.00000000
  1.2220 0.00000000
  1.2230 0.00000000
  1.2240 0.00000000
  1.2250 0.00000000
  1.2260 0.00000000
  1.2270 0.00000000
  1.2280 0.00000000
  1.2290 0.00000000
  1.2300 0.00000000
  1.2310 0.00000000
  1.2320 0.00000000
  1.2330 0.00000000
  1.2340 0.00000000
  1.2350 0.00000000
  1.2360 0.00000000
  1.2370 0.00000000
  1.2380 0.00000000
  1.2390 0.00000000
  1.2400 0.00000000
  1.2410 0.00000000
  1.2420 0.00000000
  1.2430 0.00000000
  1.2440 0.00000000
  1.2450 0.00000000
  1.2460 0.00000000
  1.2470 0.00000000
  1.2480 0.00000000
  1.2490 0.00000000
  1.2500 0.00000000
  1.2510 0.00000000
  1.2520 0.00000000
  1.2530 0.00000000
  1.2540 0.00000000
  1.2550 0.00000000
  1.2560 0.00000000
  1.2570 0.00000000
  1.2580 0.00000000
  1.2590 0.00000000
  1.2600 0.00000000
  1.2610 0.00000000
  1.2620 0.00000000
  1.2630 0.00000000
  1.2640 0.00000000
  1.2650 0.00000000
  1.2660 0.00000000
  1.2670 0.00000000
  1.2680 0.00000000
  1.2690 0.00000000
  1.2700 0.00000000
  1.2710 0.00000000
  1.2720 0.00000000
  1.2730 0.00000000
  1.2740 0.00000000
  1.2750 0.00000000
  1.2760 0.00000000
  1.2770 0.00000000
  1.2780 0.00000000
  1.2790 0.00000000
  1.2800 0.00000000
  1.2810 0.00000000
  1.2820 0.00000000
  1.2830 0.00000000
  1.2840 0.00000000
  1.2850 0.00000000
  1.2860 0.00000000
  1.2870 0.00000000
  1.2880 0.00000000
  1.2890 0.00000000
  1.2900 0.00000000
  1.2910 0.00000000
  1.2920 0.00000000
  1.2930 0.00000000
  1.2940 0.00000000
  1.2950 0.00000000
  1.2960 0.00000000
  1.2970 0.00000000
  1.2980 0.00000000
  1.2990 0.00000000
  1.3000 0.00000000
  1.3010 0.00000000
  1.3020 0.00000000
  1.3030 0.00000000
  1.3040 0.00000000
  1.3050 0.00000000
  1.3060 0.00000000
  1.3070 0.00000000
  1.3080 0.00000000
  1.3090 0.00000000
  1.3100 0.00000000
  1.3110 0.00000000
  1.3120 0.00000000
  1.3130 0.00000000
  1.3140 0.00000000
  1.3150 0.00000000
  1.3160 0.00000000
  1.3170 0.00000000
  1.3180 0.00000000
  1.3190 0.00000000
  1.3200 0.00000000
  1.3210 0.00000000
  1.3220 0.00000000
  1.3230 0.00000000
  1.3240 0.00000000
  1.3250 0.00000000
  1.3260 0.00000000
  1.3270 0.00000000
  1.3280 0.00000000
  1.3290 0.00000000
  1.3300 0.00000000
  1.3310 0.00000000
  1.3320 0.00000000
  1.3330 0.00000000
  1.3340 0.00000000
  1.3350 0.00000000
  1.3360 0.00000000
  1.3370 0.00000000
  1.3380 0.00000000
  1.3390 0.00000000
  1.3400 0.00000000
  1.3410 0.00000000
  1.3420 0.00000000
  1.3430 0.00000000
  1.3440 0.00000000
  1.3450 0.00000000
  1.3460 0.00000000
  1.3470 0.00000000
  1.3480 0.00000000
  1.3490 0.00000000
  1.3500 0.00000000
  1.3510 0.00000000
  1.3520 0.00000000
  1.3530 0.00000000
  1.3540 0.00000000
  1.3550 0.00000000
  1.3560 0.00000000
  1.3570 0.00000000
  1.3580 0.00000000
  1.3590 0.00000000
  1.3600 0.00000000
  1.3610 0.00000000
  1.3620 0.00000000
  1.3630 0.00000000
  1.3640 0.00000000
  1.3650 0.00000000
  1.3660 0.00000000
  1.3670 0.00000000
  1.3680 0.00000000
  1.3690 0.00000000
  1.3700 0.00000000
  1.3710 0.00000000
  1.3720 0.00000000
  1.3730 0.00000000
  1.3740 0.00000000
  1.3750 0.00000000
  1.3760 0.00000000
  1.3770 0.00000000
  1.3780 0.00000000
  1.3790 0.00000000
  1.3800 0.00000000
  1.3810 0.00000000
  1.3820 0.00000000
  1.3830 0.00000000
  1.3840 0.00000000
  1.3850 0.00000000
  1.3860 0.00000000
  1.3870 0.00000000
  1.3880 0.00000000
  1.3890 0.00000000
  1.3900 0.00000000
  1.3910 0.00000000
  1.3920 0.00000000
  1.3930 0.00000000
  1.3940 0.00000000
  1.3950 0.00000000
  1.3960 0.00000000
  1.3970 0.00000000
  1.3980 0.00000000
  1.3990 0.00000000
  1.4000 0.00000000
  1.4010 0.00000000
  1.4020 0.00000000
  1.4030 0.00000000
  1.4040 0.00000000
  1.4050 0.00000000
  1.4060 0.00000000
  1.4070 0.00000000
  1.4080 0.00000000
  1.4090 0.00000000
  1.4100 0.00000000
  1.4110 0.00000000
  1.4120 0.00000000
  1.4130 0.00000000
  1.4140 0.00000000
  1.4150 0.00000000
  1.4160 0.00000000
  1.4170 0.00000000
  1.4180 0.00000000
  1.4190 0.00000000
  1.4200 0.00000000
  1.4210 0.00000000
  1.4220 0.00000000
  1.4230 0.00000000
  1.4240 0.00000000
  1.4250 0.00000000
  1.4260 0.00000000
  1.4270 0.00000000
  1.4280 0.00000000
  1.4290 0.00000000
  1.4300 0.00000000
  1.4310 0.00000000
  1.4320 0.00000000
  1.4330 0.00000000
  1.4340 0.00000000
  1.4350 0.00000000
  1.4360 0.00000000
  1.4370 0.00000000
  1.4380 0.00000000
  1.4390 0.00000000
  1.4400 0.00000000
  1.4410 0.00000000
  1.4420 0.00000000
  1.4430 0.00000000
  1.4440 0.00000000
  1.4450 0.00000000
  1.4460 0.00000000
  1.4470 0.00000000
  1.4480 0.00000000
  1.4490 0.00000000
  1.4500 0.00000000
  1.4510 0.00000000
  1.4520 0.00000000
  1.4530 0.00000000
  1.4540 0.00000000
  1.4550 0.00000000
  1.4560 0.00000000
  1.4570 0.00000000
  1.4580 0.00000000
  1.4590 0.00000000
  1.4600 0.00000000
  1.4610 0.00000000
  1.4620 0.00000000
  1.4630 0.00000000
  1.4640 0.00000000
  1.4650 0.00000000
  1.4660 0.00000000
  1.4670 0.00000000
  1.4680 0.00000000
  1.4690 0.00000000
  1.4700 0.00000000
  1.4710 0.00000000
  1.4720 0.00000000
  1.4730 0.00000000
  1.4740 0.00000000
  1.4750 0.00000000
  1.4760 0.00000000
  1.4770 0.00000000
  1.4780 0.00000000
  1.4790 0.00000000
  1.4800 0.00000000
  1.4810 0.00000000
  1.4820 0.00000000
  1.4830 0.00000000
  1.4840 0.00000000
  1.4850 0.00000000
  1.4860 0.00000000
  1.4870 0.00000000
  1.4880 0.00000000
  1.4890 0.00000000
  1.4900 0.00000000
  1.4910 0.00000000
  1.4920 0.00000000
  1.4930 0.00000000
  1.4940 0.00000000
  1.4950 0.00000000
  1.4960 0.00000000
  1.4970 0.00000000
  1.4980 0.00000000
  1.4990 0.00000000
  1.5000 0.00000000
  1.5010 0.00000000
  1.5020 0.00000000
  1.5030 0.00000000
  1.5040 0.00000000
  1.5050 0.00000000
  1.5060 0.00000000
  1.5070 0.00000000
  1.5080 0.00000000
  1.5090 0.00000000
  1.5100 0.00000000
  1.5110 0.00000000
  1.5120 0.00000000
  1.5130 0.00000000
  1.5140 0.00000000
  1.5150 0.00000000
  1.5160 0.00000000
  1.5170 0.00000000
  1.5180 0.00000000
  1.5190 0.00000000
  1.5200 0.00000000
  1.5210 0.00000000
  1.5220 0.00000000
  1.5230 0.00000000
  1.5240 0.00000000
  1.5250 0.00000000
  1.5260 0.00000000
  1.5270 0.00000000
  1.5280 0.00000000
  1.5290 0.00000000
  1.5300 0.00000000
  1.5310 0.00000000
  1.5320 0.00000000
  1.5330 0.00000000
  1.5340 0.00000000
  1.5350 0.00000000
  1.5360 0.00000000
  1.5370 0.00000000
  1.5380 0.00000000
  1.5390 0.00000000
  1.5400 0.00000000
  1.5410 0.00000000
  1.5420 0.00000000
  1.5430 0.00000000
  1.5440 0.00000000
  1.5450 0.00000000
  1.5460 0.00000000
  1.5470 0.00000000
  1.5480 0.00000000
  1.5490 0.00000000
  1.5500 0.00000000
  1.5510 0.00000000
  1.5520 0.00000000
  1.5530 0.00000000
  1.5540 0.00000000
  1.5550 0.00000000
  1.5560 0.00000000
  1.5570 0.00000000
  1.5580 0.00000000
  1.5590 0.00000000
  1.5600 0.00000000
  1.5610 0.00000000
  1.5620 0.00000000
  1.5630 0.00000000
  1.5640 0.00000000
  1.5650 0.00000000
  1.5660 0.00000000
  1.5670 0.00000000
  1.5680 0.00000000
  1.5690 0.00000000
  1.5700 0.00000000
  1.5710 0.00000000
  1.5720 0.00000000
  1.5730 0.00000000
  1.5740 0.00000000
  1.5750 0.00000000
  1.5760 0.00000000
  1.5770 0.00000000
  1.5780 0.00000000
  1.5790 0.00000000
  1.5800 0.00000000
  1.5810 0.00000000
  1.5820 0.00000000
  1.5830 0.00000000
  1.5840 0.00000000
  1.5850 0.00000000
  1.5860 0.00000001
  1.5870 0.00000001
  1.5880 0.00000001
  1.5890 0.00000002
  1.5900 0.00000004
  1.5910 0.00000006
  1.5920 0.00000009
  1.5930 0.00000014
  1.5940 0.00000022
  1.5950 0.00000033
  1.5960 0.00000051
  1.5970 0.00000077
  1.5980 0.00000117
  1.5990 0.00000175
  1.6000 0.00000261
  1.6010 0.00000386
  1.6020 0.00000568
  1.6030 0.00000831
  1.6040 0.00001208
  1.6050 0.00001744
  1.6060 0.00002503
  1.6070 0.00003570
  1.6080 0.00005060
  1.6090 0.00007127
  1.6100 0.00009977
  1.6110 0.00013880
  1.6120 0.00019189
  1.6130 0.00026365
  1.6140 0.00035999
  1.6150 0.00048849
  1.6160 0.00065874
  1.6170 0.00088280
  1.6180 0.00117572
  1.6190 0.00155612
  1.6200 0.00204681
  1.6210 0.00267550
  1.6220 0.00347559
  1.6230 0.00448690
  1.6240 0.00575650
  1.6250 0.00733949
  1.6260 0.00929967
  1.6270 0.01171019
  1.6280 0.01465396
  1.6290 0.01822388
  1.6300 0.02252275
  1.6310 0.02766283
  1.6320 0.03376498
  1.6330 0.04095728
  1.6340 0.04937310
  1.6350 0.05914858
  1.6360 0.07041951
  1.6370 0.08331752
  1.6380 0.09796577
  1.6390 0.11447406
  1.6400 0.13293352
  1.6410 0.15341104
  1.6420 0.17594358
  1.6430 0.20053256
  1.6440 0.22713867
  1.6450 0.25567717
  1.6460 0.28601415
  1.6470 0.31796387
  1.6480 0.35128752
  1.6490 0.38569353
  1.6500 0.42083968
  1.6510 0.45633701
  1.6520 0.49175570
  1.6530 0.52663268
  1.6540 0.56048100
  1.6550 0.59280065
  1.6560 0.62309052
  1.6570 0.65086109
  1.6580 0.67564748
  1.6590 0.69702236
  1.6600 0.71460812
  1.6610 0.72808800
  1.6620 0.73721556
  1.6630 0.74182215
  1.6640 0.74182215
  1.6650 0.73721556
  1.6660 0.72808800
  1.6670 0.71460812
  1.6680 0.69702236
  1.6690 0.67564748
  1.6700 0.65086109
  1.6710 0.62309052
  1.6720 0.59280065
  1.6730 0.56048100
  1.6740 0.52663268
  1.6750 0.49175570
  1.6760 0.45633701
  1.6770 0.42083968
  1.6780 0.38569353
  1.6790 0.35128752
  1.6800 0.31796387
  1.6810 0.28601415
  1.6820 0.25567717
  1.6830 0.22713867
  1.6840 0.20053256
  1.6850 0.17594358
  1.6860 0.15341104
  1.6870 0.13293352
  1.6880 0.11447406
  1.6890 0.09796577
  1.6900 0.08331752
  1.6910 0.07041951
  1.6920 0.05914858
  1.6930 0.04937310
  1.6940 0.04095728
  1.6950 0.03376498
  1.6960 0.02766283
  1.6970 0.02252275
  1.6980 0.01822388
  1.6990 0.01465396
  1.7000 0.01171019
  1.7010 0.00929967
  1.7020 0.00733949
  1.7030 0.00575650
  1.7040 0.00448690
  1.7050 0.00347559
  1.7060 0.00267550
  1.7070 0.00204681
  1.7080 0.00155612
  1.7090 0.00117572
  1.7100 0.00088280
  1.7110 0.00065874
  1.7120 0.00048849
  1.7130 0.00035999
  1.7140 0.00026365
  1.7150 0.00019189
  1.7160 0.00013880
  1.7170 0.00009977
  1.7180 0.00007127
  1.7190 0.00005060
  1.7200 0.00003570
  1.7210 0.00002503
  1.7220 0.00001744
  1.7230 0.00001208
  1.7240 0.00000831
  1.7250 0.00000568
  1.7260 0.00000386
  1.7270 0.00000261
  1.7280 0.00000175
  1.7290 0.00000117
  1.7300 0.00000077
  1.7310 0.00000051
  1.7320 0.00000033
  1.7330 0.00000022
  1.7340 0.00000014
  1.7350 0.00000009
  1.7360 0.00000006
  1.7370 0.00000004
  1.7380 0.00000002
  1.7390 0.00000001
  1.7400 0.00000001
  1.7410 0.00000001
  1.7420 0.00000000
  1.7430 0.00000000
  1.7440 0.00000000
  1.7450 0.00000000
  1.7460 0.00000000
  1.7470 0.00000000
  1.7480 0.00000000
  1.7490 0.00000000
  1.7500 0.00000000
  1.7510 0.00000000
  1.7520 0.00000000
  1.7530 0.00000000
  1.7540 0.00000000
  1.7550 0.00000000
  1.7560 0.00000000
  1.7570 0.00000000
  1.7580 0.00000000
  1.7590 0.00000000
  1.7600 0.00000000
  1.7610 0.00000000
  1.7620 0.00000000
  1.7630 0.00000000
  1.7640 0.00000000
  1.7650 0.00000000
  1.7660 0.00000000
  1.7670 0.00000000
  1.7680 0.00000000
  1.7690 0.00000000
  1.7700 0.00000000
  1.7710 0.00000000
  1.7720 0.00000000
  1.7730 0.00000000
  1.7740 0.00000000
  1.7750 0.00000000
  1.7760 0.00000000
  1.7770 0.00000000
  1.7780 0.00000000
  1.7790 0.00000000
  1.7800 0.00000000
  1.7810 0.00000000
  1.7820 0.00000000
  1.7830 0.00000000
  1.7840 0.00000000
  1.7850 0.00000000
  1.7860 0.00000000
  1.7870 0.00000000
  1.7880 0.00000000
  1.7890 0.00000000
  1.7900 0.00000000
  1.7910 0.00000000
  1.7920 0.00000000
  1.7930 0.00000000
  1.7940 0.00000000
  1.7950 0.00000000
  1.7960 0.00000000
  1.7970 0.00000000
  1.7980 0.00000000
  1.7990 0.00000000
  1.8000 0.00000000
  1.8010 0.00000000
  1.8020 0.00000000
  1.8030 0.00000000
  1.8040 0.00000000
  1.8050 0.00000000
  1.8060 0.00000000
  1.8070 0.00000000
  1.8080 0.00000000
  1.8090 0.00000000
  1.8100 0.00000000
  1.8110 0.00000000
  1.8120 0.00000000
  1.8130 0.00000000
  1.8140 0.00000000
  1.8150 0.00000000
  1.8160 0.00000000
  1.8170 0.00000000
  1.8180 0.00000000
  1.8190 0.00000000
  1.8200 0.00000000
  1.8210 0.00000000
  1.8220 0.00000000
  1.8230 0.00000000
  1.8240 0.00000000
  1.8250 0.00000000
  1.8260 0.00000000
  1.8270 0.00000000
  1.8280 0.00000000
  1.8290 0.00000000
  1.8300 0.00000000
  1.8310 0.00000000
  1.8320 0.00000000
  1.8330 0.00000000
  1.8340 0.00000000
  1.8350 0.00000000
  1.8360 0.00000000
  1.8370 0.00000000
  1.8380 0.00000000
  1.8390 0.00000000
  1.8400 0.00000000
  1.8410 0.00000000
  1.8420 0.00000000
  1.8430 0.00000000
  1.8440 0.00000000
  1.8450 0.00000000
  1.8460 0.00000000
  1.8470 0.00000000
  1.8480 0.00000000
  1.8490 0.00000000
  1.8500 0.00000000
  1.8510 0.00000000
  1.8520 0.00000000
  1.8530 0.00000000
  1.8540 0.00000000
  1.8550 0.00000000
  1.8560 0.00000000
  1.8570 0.00000000
  1.8580 0.00000000
  1.8590 0.00000000
  1.8600 0.00000000
  1.8610 0.00000000
  1.8620 0.00000000
  1.8630 0.00000000
  1.8640 0.00000000
  1.8650 0.00000000
  1.8660 0.00000000
  1.8670 0.00000000
  1.8680 0.00000000
  1.8690 0.00000000
  1.8700 0.00000000
  1.8710 0.00000000
  1.8720 0.00000000
  1.8730 0.00000000
  1.8740 0.00000000
  1.8750 0.00000000
  1.8760 0.00000000
  1.8770 0.00000000
  1.8780 0.00000000
  1.8790 0.00000000
  1.8800 0.00000000
  1.8810 0.00000000
  1.8820 0.00000000
  1.8830 0.00000000
  1.8840 0.00000000
  1.8850 0.00000000
  1.8860 0.00000000
  1.8870 0.00000000
  1.8880 0.00000000
  1.8890 0.00000000
  1.8900 0.00000000
  1.8910 0.00000000
  1.8920 0.00000000
  1.8930 0.00000000
  1.8940 0.00000000
  1.8950 0.00000000
  1.8960 0.00000000
  1.8970 0.00000000
  1.8980 0.00000000
  1.8990 0.00000000
  1.9000 0.00000000
  1.9010 0.00000000
  1.9020 0.00000000
  1.9030 0.00000000
  1.9040 0.00000000
  1.9050 0.00000000
  1.9060 0.00000000
  1.9070 0.00000000
  1.9080 0.00000000
  1.9090 0.00000000
  1.9100 0.00000000
  1.9110 0.00000000
  1.9120 0.00000000
  1.9130 0.00000000
  1.9140 0.00000000
  1.9150 0.00000000
  1.9160 0.00000000
  1.9170 0.00000000
  1.9180 0.00000000
  1.9190 0.00000000
  1.9200 0.00000000
  1.9210 0.00000000
  1.9220 0.00000000
  1.9230 0.00000000
  1.9240 0.00000000
  1.9250 0.00000000
  1.9260 0.00000000
  1.9270 0.00000000
  1.9280 0.00000000
  1.9290 0.00000000
  1.9300 0.00000000
  1.9310 0.00000000
  1.9320 0.00000000
  1.9330 0.00000000
  1.9340 0.00000000
  1.9350 0.00000000
  1.9360 0.00000000
  1.9370 0.00000000
  1.9380 0.00000000
  1.9390 0.00000000
  1.9400 0.00000000
  1.9410 0.00000000
  1.9420 0.00000000
  1.9430 0.00000000
  1.9440 0.00000000
  1.9450 0.00000000
  1.9460 0.00000000
  1.9470 0.00000000
  1.9480 0.00000000
  1.9490 0.00000000
  1.9500 0.00000000
  1.9510 0.00000000
  1.9520 0.00000000
  1.9530 0.00000000
  1.9540 0.00000000
  1.9550 0.00000000
  1.9560 0.00000000
  1.9570 0.00000000
  1.9580 0.00000000
  1.9590 0.00000000
  1.9600 0.00000000
  1.9610 0.00000000
  1.9620 0.00000000
  1.9630 0.00000000
  1.9640 0.00000000
  1.9650 0.00000000
  1.9660 0.00000000
  1.9670 0.00000000
  1.9680 0.00000000
  1.9690 0.00000000
  1.9700 0.00000000
  1.9710 0.00000000
  1.9720 0.00000000
  1.9730 0.00000000
  1.9740 0.00000000
  1.9750 0.00000000
  1.9760 0.00000000
  1.9770 0.00000000
  1.9780 0.00000000
  1.9790 0.00000000
  1.9800 0.00000000
  1.9810 0.00000000
  1.9820 0.00000000
  1.9830 0.00000000
  1.9840 0.00000000
  1.9850 0.00000000
  1.9860 0.00000000
  1.9870 0.00000000
  1.9880 0.00000000
  1.9890 0.00000000
  1.9900 0.00000000
  1.9910 0.00000000
  1.9920 0.00000000
  1.9930 0.00000000
  1.9940 0.00000000
  1.9950 0.00000000
  1.9960 0.00000000
  1.9970 0.00000000
  1.9980 0.00000000
  1.9990 0.00000000
  2.0000 0.00000000
  2.0010 0.00000000
  2.0020 0.00000000
  2.0030 0.00000000
  2.0040 0.00000000
  2.0050 0.00000000
  2.0060 0.00000000
  2.0070 0.00000000
  2.0080 0.00000000
  2.0090 0.00000000
  2.0100 0.00000000
  2.0110 0.00000000
  2.0120 0.00000000
  2.0130 0.00000000
  2.0140 0.00000000
  2.0150 0.00000000
  2.0160 0.00000000
  2.0170 0.00000000
  2.0180 0.00000000
  2.0190 0.00000000
  2.0200 0.00000000
  2.0210 0.00000000
  2.0220 0.00000000
  2.0230 0.00000000
  2.0240 0.00000000
  2.0250 0.00000000
  2.0260 0.00000000
  2.0270 0.00000000
  2.0280 0.00000000
  2.0290 0.00000000
  2.0300 0.00000000
  2.0310 0.00000000
  2.0320 0.00000000
  2.0330 0.00000000
  2.0340 0.00000000
  2.0350 0.00000000
  2.0360 0.00000000
  2.0370 0.00000000
  2.0380 0.00000000
  2.0390 0.00000000
  2.0400 0.00000000
  2.0410 0.00000000
  2.0420 0.00000000
  2.0430 0.00000000
  2.0440 0.00000000
  2.0450 0.00000000
  2.0460 0.00000000
  2.0470 0.00000000
  2.0480 0.00000000
  2.0490 0.00000000
  2.0500 0.00000000
  2.0510 0.00000000
  2.0520 0.00000000
  2.0530 0.00000000
  2.0540 0.00000000
  2.0550 0.00000000
  2.0560 0.00000000
  2.0570 0.00000000
  2.0580 0.00000000
  2.0590 0.00000000
  2.0600 0.00000000
  2.0610 0.00000000
  2.0620 0.00000000
  2.0630 0.00000000
  2.0640 0.00000000
  2.0650 0.00000000
  2.0660 0.00000000
  2.0670 0.00000000
  2.0680 0.00000000
  2.0690 0.00000000
  2.0700 0.00000000
  2.0710 0.00000000
  2.0720 0.00000000
  2.0730 0.00000000
  2.0740 0.00000000
  2.0750 0.00000000
  2.0760 0.00000000
  2.0770 0.00000000
  2.0780 0.00000000
  2.0790 0.00000000
  2.0800 0.00000000
  2.0810 0.00000000
  2.0820 0.00000000
  2.0830 0.00000000
  2.0840 0.00000000
  2.0850 0.00000000
  2.0860 0.00000000
  2.0870 0.00000000
  2.0880 0.00000000
  2.0890 0.00000000
  2.0900 0.00000000
  2.0910 0.00000000
  2.0920 0.00000000
  2.0930 0.00000000
  2.0940 0.00000000
  2.0950 0.00000000
  2.0960 0.00000000
  2.0970 0.00000000
  2.0980 0.00000000
  2.0990 0.00000000
  2.1000 0.00000000
  2.1010 0.00000000
  2.1020 0.00000000
  2.1030 0.00000000
  2.1040 0.00000000
  2.1050 0.00000000
  2.1060 0.00000000
  2.1070 0.00000000
  2.1080 0.00000000
  2.1090 0.00000000
  2.1100 0.00000000
  2.1110 0.00000000
  2.1120 0.00000000
  2.1130 0.00000000
  2.1140 0.00000000
  2.1150 0.00000000
  2.1160 0.00000000
  2.1170 0.00000000
  2.1180 0.00000000
  2.1190 0.00000000
  2.1200 0.00000000
  2.1210 0.00000000
  2.1220 0.00000000
  2.1230 0.00000000
  2.1240 0.00000000
  2.1250 0.00000000
  2.1260 0.00000000
  2.1270 0.00000000
  2.1280 0.00000000
  2.1290 0.00000000
  2.1300 0.00000000
  2.1310 0.00000000
  2.1320 0.00000000
  2.1330 0.00000000
  2.1340 0.00000000
  2.1350 0.00000000
  2.1360 0.00000000
  2.1370 0.00000000
  2.1380 0.00000000
  2.1390 0.00000000
  2.1400 0.00000000
  2.1410 0.00000000
  2.1420 0.00000000
  2.1430 0.00000000
  2.1440 0.00000000
  2.1450 0.00000000
  2.1460 0.00000000
  2.1470 0.00000000
  2.1480 0.00000000
  2.1490 0.00000000
  2.1500 0.00000000
  2.1510 0.00000000
  2.1520 0.00000000
  2.1530 0.00000000
  2.1540 0.00000000
  2.1550 0.00000000
  2.1560 0.00000000
  2.1570 0.00000000
  2.1580 0.00000000
  2.1590 0.00000000
  2.1600 0.00000000
  2.1610 0.00000000
  2.1620 0.00000000
  2.1630 0.00000000
  2.1640 0.00000000
  2.1650 0.00000000
  2.1660 0.00000000
  2.1670 0.00000000
  2.1680 0.00000000
  2.1690 0.00000000
  2.1700 0.00000000
  2.1710 0.00000000
  2.1720 0.00000000
  2.1730 0.00000000
  2.1740 0.00000000
  2.1750 0.00000000
  2.1760 0.00000000
  2.1770 0.00000000
  2.1780 0.00000000
  2.1790 0.00000000
  2.1800 0.00000000
  2.1810 0.00000000
  2.1820 0.00000000
  2.1830 0.00000000
  2.1840 0.00000000
  2.1850 0.00000000
  2.1860 0.00000000
  2.1870 0.00000000
  2.1880 0.00000000
  2.1890 0.00000000
  2.1900 0.00000000
  2.1910 0.00000000
  2.1920 0.00000000
  2.1930 0.00000000
  2.1940 0.00000000
  2.1950 0.00000000
  2.1960 0.00000000
  2.1970 0.00000000
  2.1980 0.00000000
  2.1990 0.00000000
  2.2000 0.00000000
  2.2010 0.00000000
  2.2020 0.00000000
  2.2030 0.00000000
  2.2040 0.00000000
  2.2050 0.00000000
  2.2060 0.00000000
  2.2070 0.00000000
  2.2080 0.00000000
  2.2090 0.00000000
  2.2100 0.00000000
  2.2110 0.00000000
  2.2120 0.00000000
  2.2130 0.00000000
  2.2140 0.00000000
  2.2150 0.00000000
  2.2160 0.00000000
  2.2170 0.00000000
  2.2180 0.00000000
  2.2190 0.00000000
  2.2200 0.00000000
  2.2210 0.00000000
  2.2220 0.00000000
  2.2230 0.00000000
  2.2240 0.00000000
  2.2250 0.00000000
  2.2260 0.00000000
  2.2270 0.00000000
  2.2280 0.00000000
  2.2290 0.00000000
  2.2300 0.00000000
  2.2310 0.00000000
  2.2320 0.00000000
  2.2330 0.00000000
  2.2340 0.00000000
  2.2350 0.00000000
  2.2360 0.00000000
  2.2370 0.00000000
  2.2380 0.00000000
  2.2390 0.00000000
  2.2400 0.00000000
  2.2410 0.00000000
  2.2420 0.00000000
  2.2430 0.00000000
  2.2440 0.00000000
  2.2450 0.00000000
  2.2460 0.00000000
  2.2470 0.00000000
  2.2480 0.00000000
  2.2490 0.00000000
  2.2500 0.00000000
  2.2510 0.00000000
  2.2520 0.00000000
  2.2530 0.00000000
  2.2540 0.00000000
  2.2550 0.00000000
  2.2560 0.00000000
  2.2570 0.00000000
  2.2580 0.00000000
  2.2590 0.00000000
  2.2600 0.00000000
  2.2610 0.00000000
  2.2620 0.00000000
  2.2630 0.00000000
  2.2640 0.00000000
  2.2650 0.00000000
  2.2660 0.00000000
  2.2670 0.00000000
  2.2680 0.00000000
  2.2690 0.00000000
  2.2700 0.00000000
  2.2710 0.00000000
  2.2720 0.00000000
  2.2730 0.00000000
  2.2740 0.00000000
  2.2750 0.00000000
  2.2760 0.00000000
  2.2770 0.00000000
  2.2780 0.00000000
  2.2790 0.00000000
  2.2800 0.00000000
  2.2810 0.00000000
  2.2820 0.00000000
  2.2830 0.00000000
  2.2840 0.00000000
  2.2850 0.00000000
  2.2860 0.00000000
  2.2870 0.00000000
  2.2880 0.00000000
  2.2890 0.00000000
  2.2900 0.00000000
  2.2910 0.00000000
  2.2920 0.00000000
  2.2930 0.00000000
  2.2940 0.00000000
  2.2950 0.00000000
  2.2960 0.00000000
  2.2970 0.00000000
  2.2980 0.00000000
  2.2990 0.00000000
  2.3000 0.00000000
  2.3010 0.00000000
  2.3020 0.00000000
  2.3030 0.00000000
  2.3040 0.00000000
  2.3050 0.00000000
  2.3060 0.00000000
  2.3070 0.00000000
  2.3080 0.00000000
  2.3090 0.00000000
  2.3100 0.00000000
  2.3110 0.00000000
  2.3120 0.00000000
  2.3130 0.00000000
  2.3140 0.00000000
  2.3150 0.00000000
  2.3160 0.00000000
  2.3170 0.00000000
  2.3180 0.00000000
  2.3190 0.00000000
  2.3200 0.00000000
  2.3210 0.00000000
  2.3220 0.00000000
  2.3230 0.00000000
  2.3240 0.00000000
  2.3250 0.00000000
  2.3260 0.00000000
  2.3270 0.00000000
  2.3280 0.00000000
  2.3290 0.00000000
  2.3300 0.00000000
  2.3310 0.00000000
  2.3320 0.00000000
  2.3330 0.00000000
  2.3340 0.00000000
  2.3350 0.00000000
  2.3360 0.00000000
  2.3370 0.00000000
  2.3380 0.00000000
  2.3390 0.00000000
  2.3400 0.00000000
  2.3410 0.00000000
  2.3420 0.00000000
  2.3430 0.00000000
  2.3440 0.00000000
  2.3450 0.00000000
  2.3460 0.00000000
  2.3470 0.00000000
  2.3480 0.00000000
  2.3490 0.00000000
  2.3500 0.00000000
  2.3510 0.00000000
  2.3520 0.00000000
  2.3530 0.00000000
  2.3540 0.00000000
  2.3550 0.00000000
  2.3560 0.00000000
  2.3570 0.00000000
  2.3580 0.00000000
  2.3590 0.00000000
  2.3600 0.00000000
  2.3610 0.00000000
  2.3620 0.00000000
  2.3630 0.00000000
  2.3640 0.00000000
  2.3650 0.00000000
  2.3660 0.00000000
  2.3670 0.00000000
  2.3680 0.00000000
  2.3690 0.00000000
  2.3700 0.00000000
  2.3710 0.00000000
  2.3720 0.00000000
  2.3730 0.00000000
  2.3740 0.00000000
  2.3750 0.00000000
  2.3760 0.00000000
  2.3770 0.00000000
  2.3780 0.00000000
  2.3790 0.00000000
  2.3800 0.00000000
  2.3810 0.00000000
  2.3820 0.00000000
  2.3830 0.00000000
  2.3840 0.00000000
  2.3850 0.00000000
  2.3860 0.00000000
  2.3870 0.00000000
  2.3880 0.00000000
  2.3890 0.00000000
  2.3900 0.00000000
  2.3910 0.00000000
  2.3920 0.00000000
  2.3930 0.00000000
  2.3940 0.00000000
  2.3950 0.00000000
  2.3960 0.00000000
  2.3970 0.00000000
  2.3980 0.00000000
  2.3990 0.00000000
  2.4000 0.00000000
  2.4010 0.00000000
  2.4020 0.00000000
  2.4030 0.00000000
  2.4040 0.00000000
  2.4050 0.00000000
  2.4060 0.00000000
  2.4070 0.00000000
  2.4080 0.00000000
  2.4090 0.00000000
  2.4100 0.00000000
  2.4110 0.00000000
  2.4120 0.00000000
  2.4130 0.00000000
  2.4140 0.00000000
  2.4150 0.00000000
  2.4160 0.00000000
  2.4170 0.00000000
  2.4180 0.00000000
  2.4190 0.00000000
  2.4200 0.00000000
  2.4210 0.00000000
  2.4220 0.00000000
  2.4230 0.00000000
  2.4240 0.00000000
  2.4250 0.00000000
  2.4260 0.00000000
  2.4270 0.00000000
  2.4280 0.00000000
  2.4290 0.00000000
  2.4300 0.00000000
  2.4310 0.00000000
  2.4320 0.00000000
  2.4330 0.00000000
  2.4340 0.00000000
  2.4350 0.00000000
  2.4360 0.00000000
  2.4370 0.00000000
  2.4380 0.00000000
  2.4390 0.00000000
  2.4400 0.00000000
  2.4410 0.00000000
  2.4420 0.00000000
  2.4430 0.00000000
  2.4440 0.00000000
  2.4450 0.00000000
  2.4460 0.00000000
  2.4470 0.00000000
  2.4480 0.00000000
  2.4490 0.00000000
  2.4500 0.00000000
  2.4510 0.00000000
  2.4520 0.00000000
  2.4530 0.00000000
  2.4540 0.00000000
  2.4550 0.00000000
  2.4560 0.00000000
  2.4570 0.00000000
  2.4580 0.00000000
  2.4590 0.00000000
  2.4600 0.00000000
  2.4610 0.00000000
  2.4620 0.00000000
  2.4630 0.00000000
  2.4640 0.00000000
  2.4650 0.00000000
  2.4660 0.00000000
  2.4670 0.00000000
  2.4680 0.00000000
  2.4690 0.00000000
  2.4700 0.00000000
  2.4710 0.00000000
  2.4720 0.00000000
  2.4730 0.00000000
  2.4740 0.00000000
  2.4750 0.00000000
  2.4760 0.00000000
  2.4770 0.00000000
  2.4780 0.00000000
  2.4790 0.00000000
  2.4800 0.00000000
  2.4810 0.00000000
  2.4820 0.00000000
  2.4830 0.00000000
  2.4840 0.00000000
  2.4850 0.00000000
  2.4860 0.00000000
  2.4870 0.00000000
  2.4880 0.00000000
  2.4890 0.00000000
  2.4900 0.00000000
  2.4910 0.00000000
  2.4920 0.00000000
  2.4930 0.00000000
  2.4940 0.00000000
  2.4950 0.00000000
  2.4960 0.00000000
  2.4970 0.00000000
  2.4980 0.00000000
  2.4990 0.00000000
  2.5000 0.00000000
  2.5010 0.00000000
  2.5020 0.00000000
  2.5030 0.00000000
  2.5040 0.00000000
  2.5050 0.00000000
  2.5060 0.00000000
  2.5070 0.00000000
  2.5080 0.00000000
  2.5090 0.00000000
  2.5100 0.00000000
  2.5110 0.00000000
  2.5120 0.00000000
  2.5130 0.00000000
  2.5140 0.00000000
  2.5150 0.00000000
  2.5160 0.00000000
  2.5170 0.00000000
  2.5180 0.00000000
  2.5190 0.00000000
  2.5200 0.00000000
  2.5210 0.00000000
  2.5220 0.00000000
  2.5230 0.00000000
  2.5240 0.00000000
  2.5250 0.00000000
  2.5260 0.00000000
  2.5270 0.00000000
  2.5280 0.00000000
  2.5290 0.00000000
  2.5300 0.00000000
  2.5310 0.00000000
  2.5320 0.00000000
  2.5330 0.00000000
  2.5340 0.00000000
  2.5350 0.00000000
  2.5360 0.00000000
  2.5370 0.00000000
  2.5380 0.00000000
  2.5390 0.00000000
  2.5400 0.00000000
  2.5410 0.00000000
  2.5420 0.00000000
  2.5430 0.00000000
  2.5440 0.00000000
  2.5450 0.00000000
  2.5460 0.00000000
  2.5470 0.00000000
  2.5480 0.00000000
  2.5490 0.00000000
  2.5500 0.00000000
  2.5510 0.00000000
  2.5520 0.00000000
  2.5530 0.00000000
  2.5540 0.00000000
  2.5550 0.00000000
  2.5560 0.00000000
  2.5570 0.00000000
  2.5580 0.00000000
  2.5590 0.00000000
  2.5600 0.00000000
  2.5610 0.00000000
  2.5620 0.00000000
  2.5630 0.00000000
  2.5640 0.00000000
  2.5650 0.00000000
  2.5660 0.00000000
  2.5670 0.00000000
  2.5680 0.00000000
  2.5690 0.00000000
  2.5700 0.00000000
  2.5710 0.00000000
  2.5720 0.00000000
  2.5730 0.00000000
  2.5740 0.00000000
  2.5750 0.00000000
  2.5760 0.00000000
  2.5770 0.00000000
  2.5780 0.00000000
  2.5790 0.00000000
  2.5800 0.00000000
  2.5810 0.00000000
  2.5820 0.00000000
  2.5830 0.00000000
  2.5840 0.00000000
  2.5850 0.00000000
  2.5860 0.00000000
  2.5870 0.00000000
  2.5880 0.00000000
  2.5890 0.00000000
  2.5900 0.00000000
  2.5910 0.00000000
  2.5920 0.00000000
  2.5930 0.00000000
  2.5940 0.00000000
  2.5950 0.00000000
  2.5960 0.00000000
  2.5970 0.00000000
  2.5980 0.00000000
  2.5990 0.00000000
  2.6000 0.00000000
  2.6010 0.00000000
  2.6020 0.00000000
  2.6030 0.00000000
  2.6040 0.00000000
  2.6050 0.00000000
  2.6060 0.00000000
  2.6070 0.00000000
  2.6080 0.00000000
  2.6090 0.00000000
  2.6100 0.00000000
  2.6110 0.00000000
  2.6120 0.00000000
  2.6130 0.00000000
  2.6140 0.00000000
  2.6150 0.00000000
  2.6160 0.00000000
  2.6170 0.00000000
  2.6180 0.00000000
  2.6190 0.00000000
  2.6200 0.00000000
  2.6210 0.00000000
  2.6220 0.00000000
  2.6230 0.00000000
  2.6240 0.00000000
  2.6250 0.00000000
  2.6260 0.00000000
  2.6270 0.00000000
  2.6280 0.00000000
  2.6290 0.00000000
  2.6300 0.00000000
  2.6310 0.00000000
  2.6320 0.00000000
  2.6330 0.00000000
  2.6340 0.00000000
  2.6350 0.00000000
  2.6360 0.00000000
  2.6370 0.00000000
  2.6380 0.00000000
  2.6390 0.00000000
  2.6400 0.00000000
  2.6410 0.00000000
  2.6420 0.00000000
  2.6430 0.00000000
  2.6440 0.00000000
  2.6450 0.00000000
  2.6460 0.00000000
  2.6470 0.00000000
  2.6480 0.00000000
  2.6490 0.00000000
  2.6500 0.00000000
  2.6510 0.00000000
  2.6520 0.00000000
  2.6530 0.00000000
  2.6540 0.00000000
  2.6550 0.00000000
  2.6560 0.00000000
  2.6570 0.00000000
  2.6580 0.00000000
  2.6590 0.00000000
  2.6600 0.00000000
  2.6610 0.00000000
  2.6620 0.00000000
  2.6630 0.00000000
  2.6640 0.00000000
  2.6650 0.00000000
  2.6660 0.00000000
  2.6670 0.00000000
  2.6680 0.00000000
  2.6690 0.00000000
  2.6700 0.00000000
  2.6710 0.00000000
  2.6720 0.00000000
  2.6730 0.00000000
  2.6740 0.00000000
  2.6750 0.00000000
  2.6760 0.00000000
  2.6770 0.00000000
  2.6780 0.00000000
  2.6790 0.00000000
  2.6800 0.00000000
  2.6810 0.00000000
  2.6820 0.00000000
  2.6830 0.00000000
  2.6840 0.00000000
  2.6850 0.00000000
  2.6860 0.00000000
  2.6870 0.00000000
  2.6880 0.00000000
  2.6890 0.00000000
  2.6900 0.00000000
  2.6910 0.00000000
  2.6920 0.00000000
  2.6930 0.00000000
  2.6940 0.00000000
  2.6950 0.00000000
  2.6960 0.00000000
  2.6970 0.00000000
  2.6980 0.00000000
  2.6990 0.00000000
  2.7000 0.00000000
  2.7010 0.00000000
  2.7020 0.00000000
  2.7030 0.00000000
  2.7040 0.00000000
  2.7050 0.00000000
  2.7060 0.00000000
  2.7070 0.00000000
  2.7080 0.00000000
  2.7090 0.00000000
  2.7100 0.00000000
  2.7110 0.00000000
  2.7120 0.00000000
  2.7130 0.00000000
  2.7140 0.00000000
  2.7150 0.00000000
  2.7160 0.00000000
  2.7170 0.00000000
  2.7180 0.00000000
  2.7190 0.00000000
  2.7200 0.00000000
  2.7210 0.00000000
  2.7220 0.00000000
  2.7230 0.00000000
  2.7240 0.00000000
  2.7250 0.00000000
  2.7260 0.00000000
  2.7270 0.00000000
  2.7280 0.00000000
  2.7290 0.00000000
  2.7300 0.00000000
  2.7310 0.00000000
  2.7320 0.00000000
  2.7330 0.00000000
  2.7340 0.00000000
  2.7350 0.00000000
  2.7360 0.00000000
  2.7370 0.00000000
  2.7380 0.00000000
  2.7390 0.00000000
  2.7400 0.00000000
  2.7410 0.00000000
  2.7420 0.00000000
  2.7430 0.00000000
  2.7440 0.00000000
  2.7450 0.00000000
  2.7460 0.00000000
  2.7470 0.00000000
  2.7480 0.00000000
  2.7490 0.00000001
  2.7500 0.00000001
  2.7510 0.00000002
  2.7520 0.00000002
  2.7530 0.00000004
  2.7540 0.00000006
  2.7550 0.00000009
  2.7560 0.00000014
  2.7570 0.00000022
  2.7580 0.00000033
  2.7590 0.00000049
  2.7600 0.00000074
  2.7610 0.00000110
  2.7620 0.00000162
  2.7630 0.00000239
  2.7640 0.00000348
  2.7650 0.00000506
  2.7660 0.00000729
  2.7670 0.00001045
  2.7680 0.00001489
  2.7690 0.00002108
  2.7700 0.00002966
  2.7710 0.00004147
  2.7720 0.00005762
  2.7730 0.00007956
  2.7740 0.00010917
  2.7750 0.00014888
  2.7760 0.00020177
  2.7770 0.00027175
  2.7780 0.00036373
  2.7790 0.00048381
  2.7800 0.00063955
  2.7810 0.00084017
  2.7820 0.00109687
  2.7830 0.00142311
  2.7840 0.00183491
  2.7850 0.00235118
  2.7860 0.00299400
  2.7870 0.00378889
  2.7880 0.00476505
  2.7890 0.00595549
  2.7900 0.00739711
  2.7910 0.00913065
  2.7920 0.01120046
  2.7930 0.01365415
  2.7940 0.01654201
  2.7950 0.01991620
  2.7960 0.02382974
  2.7970 0.02833524
  2.7980 0.03348337
  2.7990 0.03932114
  2.8000 0.04588997
  2.8010 0.05322359
  2.8020 0.06134585
  2.8030 0.07026854
  2.8040 0.07998921
  2.8050 0.09048915
  2.8060 0.10173170
  2.8070 0.11366083
  2.8080 0.12620019
  2.8090 0.13925278
  2.8100 0.15270120
  2.8110 0.16640858
  2.8120 0.18022029
  2.8130 0.19396632
  2.8140 0.20746444
  2.8150 0.22052392
  2.8160 0.23294984
  2.8170 0.24454784
  2.8180 0.25512906
  2.8190 0.26451525
  2.8200 0.27254373
  2.8210 0.27907207
  2.8220 0.28398228
  2.8230 0.28718437
  2.8240 0.28861908
  2.8250 0.28825974
  2.8260 0.28611301
  2.8270 0.28221879
  2.8280 0.27664890
  2.8290 0.26950489
  2.8300 0.26091499
  2.8310 0.25103029
  2.8320 0.24002026
  2.8330 0.22806800
  2.8340 0.21536520
  2.8350 0.20210701
  2.8360 0.18848722
  2.8370 0.17469366
  2.8380 0.16090408
  2.8390 0.14728268
  2.8400 0.13397722
  2.8410 0.12111696
  2.8420 0.10881121
  2.8430 0.09714871
  2.8440 0.08619758
  2.8450 0.07600600
  2.8460 0.06660323
  2.8470 0.05800126
  2.8480 0.05019660
  2.8490 0.04317236
  2.8500 0.03690048
  2.8510 0.03134389
  2.8520 0.02645870
  2.8530 0.02219621
  2.8540 0.01850477
  2.8550 0.01533146
  2.8560 0.01262344
  2.8570 0.01032920
  2.8580 0.00839944
  2.8590 0.00678780
  2.8600 0.00545133
  2.8610 0.00435081
  2.8620 0.00345090
  2.8630 0.00272013
  2.8640 0.00213079
  2.8650 0.00165878
  2.8660 0.00128330
  2.8670 0.00098666
  2.8680 0.00075387
  2.8690 0.00057243
  2.8700 0.00043196
  2.8710 0.00032393
  2.8720 0.00024142
  2.8730 0.00017880
  2.8740 0.00013160
  2.8750 0.00009626
  2.8760 0.00006998
  2.8770 0.00005055
  2.8780 0.00003629
  2.8790 0.00002589
  2.8800 0.00001836
  2.8810 0.00001294
  2.8820 0.00000906
  2.8830 0.00000630
  2.8840 0.00000436
  2.8850 0.00000300
  2.8860 0.00000205
  2.8870 0.00000139
  2.8880 0.00000094
  2.8890 0.00000063
  2.8900 0.00000042
  2.8910 0.00000028
  2.8920 0.00000018
  2.8930 0.00000012
  2.8940 0.00000008
  2.8950 0.00000005
  2.8960 0.00000003
  2.8970 0.00000002
  2.8980 0.00000001
  2.8990 0.00000001
  2.9000 0.00000001
  2.9010 0.00000000
  2.9020 0.00000000
  2.9030 0.00000000
  2.9040 0.00000000
  2.9050 0.00000000
  2.9060 0.00000000
  2.9070 0.00000000
  2.9080 0.00000000
  2.9090 0.00000000
  2.9100 0.00000000
  2.9110 0.00000000
  2.9120 0.00000000
  2.9130 0.00000000
  2.9140 0.00000000
  2.9150 0.00000000
  2.9160 0.00000000
  2.9170 0.00000000
  2.9180 0.00000000
  2.9190 0.00000000
  2.9200 0.00000000
  2.9210 0.00000000
  2.9220 0.00000000
  2.9230 0.00000000
  2.9240 0.00000000
  2.9250 0.00000000
  2.9260 0.00000000
  2.9270 0.00000000
  2.9280 0.00000000
  2.9290 0.00000000
  2.9300 0.00000000
  2.9310 0.00000000
  2.9320 0.00000000
  2.9330 0.00000000
  2.9340 0.00000000
  2.9350 0.00000000
  2.9360 0.00000000
  2.9370 0.00000000
  2.9380 0.00000000
  2.9390 0.00000000
  2.9400 0.00000000
  2.9410 0.00000000
  2.9420 0.00000000
  2.9430 0.00000000
  2.9440 0.00000000
  2.9450 0.00000000
  2.9460 0.00000000
  2.9470 0.00000000
  2.9480 0.00000000
  2.9490 0.00000000
  2.9500 0.00000000
  2.9510 0.00000000
  2.9520 0.00000000
  2.9530 0.00000000
  2.9540 0.00000000
  2.9550 0.00000000
  2.9560 0.00000000
  2.9570 0.00000000
  2.9580 0.00000000
  2.9590 0.00000000
  2.9600 0.00000000
  2.9610 0.00000000
  2.9620 0.00000000
  2.9630 0.00000000
  2.9640 0.00000000
  2.9650 0.00000000
  2.9660 0.00000000
  2.9670 0.00000000
  2.9680 0.00000000
  2.9690 0.00000000
  2.9700 0.00000000
  2.9710 0.00000000
  2.9720 0.00000000
  2.9730 0.00000000
  2.9740 0.00000000
  2.9750 0.00000000
  2.9760 0.00000000
  2.9770 0.00000000
  2.9780 0.00000000
  2.9790 0.00000000
  2.9800 0.00000000
  2.9810 0.00000000
  2.9820 0.00000000
  2.9830 0.00000000
  2.9840 0.00000000
  2.9850 0.00000000
  2.9860 0.00000000
  2.9870 0.00000000
  2.9880 0.00000000
  2.9890 0.00000000
  2.9900 0.00000000
  2.9910 0.00000000
  2.9920 0.00000000
  2.9930 0.00000000
  2.9940 0.00000000
  2.9950 0.00000000
  2.9960 0.00000000
  2.9970 0.00000000
  2.9980 0.00000000
  2.9990 0.00000000
  3.0000 0.00000000
  3.0010 0.00000000
  3.0020 0.00000000
  3.0030 0.00000000
  3.0040 0.00000000
  3.0050 0.00000000
  3.0060 0.00000000
  3.0070 0.00000000
  3.0080 0.00000000
  3.0090 0.00000000
  3.0100 0.00000000
  3.0110 0.00000000
  3.0120 0.00000000
  3.0130 0.00000000
  3.0140 0.00000000
  3.0150 0.00000000
  3.0160 0.00000000
  3.0170 0.00000000
  3.0180 0.00000000
  3.0190 0.00000000
  3.0200 0.00000000
  3.0210 0.00000000
  3.0220 0.00000000
  3.0230 0.00000000
  3.0240 0.00000000
  3.0250 0.00000000
  3.0260 0.00000000
  3.0270 0.00000000
  3.0280 0.00000000
  3.0290 0.00000000
  3.0300 0.00000000
  3.0310 0.00000000
  3.0320 0.00000000
  3.0330 0.00000000
  3.0340 0.00000000
  3.0350 0.00000000
  3.0360 0.00000000
  3.0370 0.00000000
  3.0380 0.00000000
  3.0390 0.00000000
  3.0400 0.00000000
  3.0410 0.00000000
  3.0420 0.00000000
  3.0430 0.00000000
  3.0440 0.00000000
  3.0450 0.00000000
  3.0460 0.00000000
  3.0470 0.00000000
  3.0480 0.00000000
  3.0490 0.00000000
  3.0500 0.00000000
  3.0510 0.00000000
  3.0520 0.00000000
  3.0530 0.00000000
  3.0540 0.00000000
  3.0550 0.00000000
  3.0560 0.00000000
  3.0570 0.00000000
  3.0580 0.00000000
  3.0590 0.00000000
  3.0600 0.00000000
  3.0610 0.00000000
  3.0620 0.00000000
  3.0630 0.00000000
  3.0640 0.00000000
  3.0650 0.00000000
  3.0660 0.00000000
  3.0670 0.00000000
  3.0680 0.00000000
  3.0690 0.00000000
  3.0700 0.00000000
  3.0710 0.00000000
  3.0720 0.00000000
  3.0730 0.00000000
  3.0740 0.00000000
  3.0750 0.00000000
  3.0760 0.00000000
  3.0770 0.00000000
  3.0780 0.00000000
  3.0790 0.00000000
  3.0800 0.00000000
  3.0810 0.00000000
  3.0820 0.00000000
  3.0830 0.00000000
  3.0840 0.00000000
  3.0850 0.00000000
  3.0860 0.00000000
  3.0870 0.00000000
  3.0880 0.00000000
  3.0890 0.00000000
  3.0900 0.00000000
  3.0910 0.00000000
  3.0920 0.00000001
  3.0930 0.00000001
  3.0940 0.00000002
  3.0950 0.00000003
  3.0960 0.00000004
  3.0970 0.00000007
  3.0980 0.00000010
  3.0990 0.00000016
  3.1000 0.00000025
  3.1010 0.00000038
  3.1020 0.00000059
  3.1030 0.00000089
  3.1040 0.00000134
  3.1050 0.00000201
  3.1060 0.00000300
  3.1070 0.00000444
  3.1080 0.00000653
  3.1090 0.00000955
  3.1100 0.00001387
  3.1110 0.00002003
  3.1120 0.00002875
  3.1130 0.00004100
  3.1140 0.00005812
  3.1150 0.00008187
  3.1160 0.00011461
  3.1170 0.00015944
  3.1180 0.00022043
  3.1190 0.00030286
  3.1200 0.00041353
  3.1210 0.00056113
  3.1220 0.00075669
  3.1230 0.00101407
  3.1240 0.00135056
  3.1250 0.00178753
  3.1260 0.00235118
  3.1270 0.00307337
  3.1280 0.00399244
  3.1290 0.00515413
  3.1300 0.00661253
  3.1310 0.00843092
  3.1320 0.01068260
  3.1330 0.01345158
  3.1340 0.01683311
  3.1350 0.02093390
  3.1360 0.02587204
  3.1370 0.03177649
  3.1380 0.03878607
  3.1390 0.04704791
  3.1400 0.05671522
  3.1410 0.06794438
  3.1420 0.08089137
  3.1430 0.09570741
  3.1440 0.11253396
  3.1450 0.13149714
  3.1460 0.15270165
  3.1470 0.17622432
  3.1480 0.20210760
  3.1490 0.23035314
  3.1500 0.26091576
  3.1510 0.29369813
  3.1520 0.32854642
  3.1530 0.36524729
  3.1540 0.40352639
  3.1550 0.44304882
  3.1560 0.48342144
  3.1570 0.52419747
  3.1580 0.56488316
  3.1590 0.60494659
  3.1600 0.64382839
  3.1610 0.68095420
  3.1620 0.71574838
  3.1630 0.74764862
  3.1640 0.77612092
  3.1650 0.80067439
  3.1660 0.82087527
  3.1670 0.83635971
  3.1680 0.84684459
  3.1690 0.85213623
  3.1700 0.85213623
  3.1710 0.84684459
  3.1720 0.83635971
  3.1730 0.82087527
  3.1740 0.80067439
  3.1750 0.77612092
  3.1760 0.74764862
  3.1770 0.71574838
  3.1780 0.68095420
  3.1790 0.64382839
  3.1800 0.60494659
  3.1810 0.56488316
  3.1820 0.52419747
  3.1830 0.48342144
  3.1840 0.44304882
  3.1850 0.40352639
  3.1860 0.36524729
  3.1870 0.32854642
  3.1880 0.29369813
  3.1890 0.26091576
  3.1900 0.23035314
  3.1910 0.20210760
  3.1920 0.17622432
  3.1930 0.15270165
  3.1940 0.13149714
  3.1950 0.11253396
  3.1960 0.09570741
  3.1970 0.08089137
  3.1980 0.06794438
  3.1990 0.05671522
  3.2000 0.04704791
  3.2010 0.03878607
  3.2020 0.03177649
  3.2030 0.02587204
  3.2040 0.02093390
  3.2050 0.01683311
  3.2060 0.01345158
  3.2070 0.01068260
  3.2080 0.00843092
  3.2090 0.00661253
  3.2100 0.00515413
  3.2110 0.00399244
  3.2120 0.00307337
  3.2130 0.00235118
  3.2140 0.00178753
  3.2150 0.00135056
  3.2160 0.00101407
  3.2170 0.00075669
  3.2180 0.00056113
  3.2190 0.00041353
  3.2200 0.00030286
  3.2210 0.00022043
  3.2220 0.00015944
  3.2230 0.00011461
  3.2240 0.00008187
  3.2250 0.00005812
  3.2260 0.00004100
  3.2270 0.00002875
  3.2280 0.00002003
  3.2290 0.00001387
  3.2300 0.00000955
  3.2310 0.00000653
  3.2320 0.00000444
  3.2330 0.00000300
  3.2340 0.00000201
  3.2350 0.00000134
  3.2360 0.00000089
  3.2370 0.00000059
  3.2380 0.00000038
  3.2390 0.00000025
  3.2400 0.00000016
  3.2410 0.00000010
  3.2420 0.00000007
  3.2430 0.00000004
  3.2440 0.00000003
  3.2450 0.00000002
  3.2460 0.00000001
  3.2470 0.00000001
  3.2480 0.00000000
  3.2490 0.00000000
  3.2500 0.00000000
  3.2510 0.00000000
  3.2520 0.00000000
  3.2530 0.00000000
  3.2540 0.00000000
  3.2550 0.00000000
  3.2560 0.00000000
  3.2570 0.00000000
  3.2580 0.00000000
  3.2590 0.00000000
  3.2600 0.00000000
  3.2610 0.00000000
  3.2620 0.00000000
  3.2630 0.00000000
  3.2640 0.00000000
  3.2650 0.00000000
  3.2660 0.00000000
  3.2670 0.00000000
  3.2680 0.00000000
  3.2690 0.00000000
  3.2700 0.00000000
  3.2710 0.00000000
  3.2720 0.00000000
  3.2730 0.00000000
  3.2740 0.00000000
  3.2750 0.00000000
  3.2760 0.00000000
  3.2770 0.00000000
  3.2780 0.00000000
  3.2790 0.00000000
  3.2800 0.00000000
  3.2810 0.00000000
  3.2820 0.00000000
  3.2830 0.00000000
  3.2840 0.00000000
  3.2850 0.00000000
  3.2860 0.00000000
  3.2870 0.00000000
  3.2880 0.00000000
  3.2890 0.00000000
  3.2900 0.00000000
  3.2910 0.00000000
  3.2920 0.00000000
  3.2930 0.00000000
  3.2940 0.00000000
  3.2950 0.00000000
  3.2960 0.00000000
  3.2970 0.00000000
  3.2980 0.00000000
  3.2990 0.00000000
  3.3000 0.00000000
  3.3010 0.00000000
  3.3020 0.00000000
  3.3030 0.00000000
  3.3040 0.00000000
  3.3050 0.00000000
  3.3060 0.00000000
  3.3070 0.00000000
  3.3080 0.00000000
  3.3090 0.00000000
  3.3100 0.00000000
  3.3110 0.00000000
  3.3120 0.00000000
  3.3130 0.00000000
  3.3140 0.00000000
  3.3150 0.00000000
  3.3160 0.00000000
  3.3170 0.00000000
  3.3180 0.00000000
  3.3190 0.00000000
  3.3200 0.00000000
  3.3210 0.00000000
  3.3220 0.00000000
  3.3230 0.00000000
  3.3240 0.00000000
  3.3250 0.00000000
  3.3260 0.00000000
  3.3270 0.00000000
  3.3280 0.00000000
  3.3290 0.00000000
  3.3300 0.00000000
  3.3310 0.00000000
  3.3320 0.00000000
  3.3330 0.00000000
  3.3340 0.00000000
  3.3350 0.00000000
  3.3360 0.00000000
  3.3370 0.00000000
  3.3380 0.00000000
  3.3390 0.00000000
  3.3400 0.00000000
  3.3410 0.00000000
  3.3420 0.00000000
  3.3430 0.00000000
  3.3440 0.00000000
  3.3450 0.00000000
  3.3460 0.00000000
  3.3470 0.00000000
  3.3480 0.00000000
  3.3490 0.00000000
  3.3500 0.00000000
  3.3510 0.00000000
  3.3520 0.00000000
  3.3530 0.00000000
  3.3540 0.00000000
  3.3550 0.00000000
  3.3560 0.00000000
  3.3570 0.00000000
  3.3580 0.00000000
  3.3590 0.00000000
  3.3600 0.00000000
  3.3610 0.00000000
  3.3620 0.00000000
  3.3630 0.00000000
  3.3640 0.00000000
  3.3650 0.00000000
  3.3660 0.00000000
  3.3670 0.00000000
  3.3680 0.00000000
  3.3690 0.00000000
  3.3700 0.00000000
  3.3710 0.00000000
  3.3720 0.00000000
  3.3730 0.00000000
  3.3740 0.00000000
  3.3750 0.00000000
  3.3760 0.00000000
  3.3770 0.00000000
  3.3780 0.00000000
  3.3790 0.00000000
  3.3800 0.00000000
  3.3810 0.00000000
  3.3820 0.00000000
  3.3830 0.00000000
  3.3840 0.00000000
  3.3850 0.00000000
  3.3860 0.00000000
  3.3870 0.00000000
  3.3880 0.00000000
  3.3890 0.00000000
  3.3900 0.00000000
  3.3910 0.00000000
  3.3920 0.00000000
  3.3930 0.00000000
  3.3940 0.00000000
  3.3950 0.00000000
  3.3960 0.00000000
  3.3970 0.00000000
  3.3980 0.00000000
  3.3990 0.00000000
  3.4000 0.00000000
  3.4010 0.00000000
  3.4020 0.00000000
  3.4030 0.00000000
  3.4040 0.00000000
  3.4050 0.00000000
  3.4060 0.00000000
  3.4070 0.00000000
  3.4080 0.00000000
  3.4090 0.00000000
  3.4100 0.00000000
  3.4110 0.00000000
  3.4120 0.00000000
  3.4130 0.00000000
  3.4140 0.00000000
  3.4150 0.00000000
  3.4160 0.00000000
  3.4170 0.00000000
  3.4180 0.00000000
  3.4190 0.00000000
  3.4200 0.00000000
  3.4210 0.00000000
  3.4220 0.00000000
  3.4230 0.00000000
  3.4240 0.00000000
  3.4250 0.00000000
  3.4260 0.00000000
  3.4270 0.00000000
  3.4280 0.00000000
  3.4290 0.00000000
  3.4300 0.00000000
  3.4310 0.00000000
  3.4320 0.00000000
  3.4330 0.00000000
  3.4340 0.00000000
  3.4350 0.00000000
  3.4360 0.00000000
  3.4370 0.00000000
  3.4380 0.00000000
  3.4390 0.00000000
  3.4400 0.00000000
  3.4410 0.00000000
  3.4420 0.00000000
  3.4430 0.00000000
  3.4440 0.00000000
  3.4450 0.00000000
  3.4460 0.00000000
  3.4470 0.00000000
  3.4480 0.00000000
  3.4490 0.00000000
  3.4500 0.00000000
  3.4510 0.00000000
  3.4520 0.00000000
  3.4530 0.00000000
  3.4540 0.00000000
  3.4550 0.00000000
  3.4560 0.00000000
  3.4570 0.00000000
  3.4580 0.00000000
  3.4590 0.00000000
  3.4600 0.00000000
  3.4610 0.00000000
  3.4620 0.00000000
  3.4630 0.00000000
  3.4640 0.00000000
  3.4650 0.00000000
  3.4660 0.00000000
  3.4670 0.00000000
  3.4680 0.00000000
  3.4690 0.00000000
  3.4700 0.00000000
  3.4710 0.00000000
  3.4720 0.00000000
  3.4730 0.00000000
  3.4740 0.00000000
  3.4750 0.00000000
  3.4760 0.00000000
  3.4770 0.00000000
  3.4780 0.00000000
  3.4790 0.00000000
  3.4800 0.00000000
  3.4810 0.00000000
  3.4820 0.00000000
  3.4830 0.00000000
  3.4840 0.00000000
  3.4850 0.00000000
  3.4860 0.00000000
  3.4870 0.00000000
  3.4880 0.00000000
  3.4890 0.00000000
  3.4900 0.00000000
  3.4910 0.00000000
  3.4920 0.00000000
  3.4930 0.00000000
  3.4940 0.00000000
  3.4950 0.00000000
  3.4960 0.00000000
  3.4970 0.00000000
  3.4980 0.00000000
  3.4990 0.00000000
  3.5000 0.00000000
  3.5010 0.00000000
  3.5020 0.00000000
  3.5030 0.00000000
  3.5040 0.00000000
  3.5050 0.00000000
  3.5060 0.00000000
  3.5070 0.00000000
  3.5080 0.00000000
  3.5090 0.00000000
  3.5100 0.00000000
  3.5110 0.00000000
  3.5120 0.00000000
  3.5130 0.00000000
  3.5140 0.00000000
  3.5150 0.00000000
  3.5160 0.00000000
  3.5170 0.00000000
  3.5180 0.00000000
  3.5190 0.00000000
  3.5200 0.00000000
  3.5210 0.00000000
  3.5220 0.00000000
  3.5230 0.00000000
  3.5240 0.00000000
  3.5250 0.00000000
  3.5260 0.00000000
  3.5270 0.00000000
  3.5280 0.00000000
  3.5290 0.00000000
  3.5300 0.00000000
  3.5310 0.00000000
  3.5320 0.00000000
  3.5330 0.00000000
  3.5340 0.00000000
  3.5350 0.00000000
  3.5360 0.00000000
  3.5370 0.00000000
  3.5380 0.00000000
  3.5390 0.00000000
  3.5400 0.00000000
  3.5410 0.00000000
  3.5420 0.00000000
  3.5430 0.00000000
  3.5440 0.00000001
  3.5450 0.00000001
  3.5460 0.00000002
  3.5470 0.00000003
  3.5480 0.00000005
  3.5490 0.00000007
  3.5500 0.00000011
  3.5510 0.00000017
  3.5520 0.00000025
  3.5530 0.00000038
  3.5540 0.00000056
  3.5550 0.00000083
  3.5560 0.00000123
  3.5570 0.00000180
  3.5580 0.00000262
  3.5590 0.00000379
  3.5600 0.00000544
  3.5610 0.00000778
  3.5620 0.00001104
  3.5630 0.00001559
  3.5640 0.00002186
  3.5650 0.00003047
  3.5660 0.00004220
  3.5670 0.00005809
  3.5680 0.00007946
  3.5690 0.00010802
  3.5700 0.00014595
  3.5710 0.00019595
  3.5720 0.00026146
  3.5730 0.00034670
  3.5740 0.00045688
  3.5750 0.00059833
  3.5760 0.00077871
  3.5770 0.00100718
  3.5780 0.00129459
  3.5790 0.00165367
  3.5800 0.00209924
  3.5810 0.00264832
  3.5820 0.00332027
  3.5830 0.00413686
  3.5840 0.00512228
  3.5850 0.00630304
  3.5860 0.00770782
  3.5870 0.00936716
  3.5880 0.01131302
  3.5890 0.01357827
  3.5900 0.01619589
  3.5910 0.01919817
  3.5920 0.02261568
  3.5930 0.02647612
  3.5940 0.03080305
  3.5950 0.03561459
  3.5960 0.04092202
  3.5970 0.04672842
  3.5980 0.05302738
  3.5990 0.05980181
  3.6000 0.06702297
  3.6010 0.07464976
  3.6020 0.08262831
  3.6030 0.09089190
  3.6040 0.09936144
  3.6050 0.10794623
  3.6060 0.11654527
  3.6070 0.12504904
  3.6080 0.13334166
  3.6090 0.14130345
  3.6100 0.14881382
  3.6110 0.15575436
  3.6120 0.16201211
  3.6130 0.16748274
  3.6140 0.17207375
  3.6150 0.17570738
  3.6160 0.17832318
  3.6170 0.17988024
  3.6180 0.18035878
  3.6190 0.17976127
  3.6200 0.17811289
  3.6210 0.17546139
  3.6220 0.17187631
  3.6230 0.16744769
  3.6240 0.16228417
  3.6250 0.15651075
  3.6260 0.15026615
  3.6270 0.14369993
  3.6280 0.13696942
  3.6290 0.13023667
  3.6300 0.12366530
  3.6310 0.11741751
  3.6320 0.11165122
  3.6330 0.10651736
  3.6340 0.10215740
  3.6350 0.09870101
  3.6360 0.09626402
  3.6370 0.09494649
  3.6380 0.09483097
  3.6390 0.09598099
  3.6400 0.09843960
  3.6410 0.10222819
  3.6420 0.10734538
  3.6430 0.11376622
  3.6440 0.12144157
  3.6450 0.13029780
  3.6460 0.14023692
  3.6470 0.15113707
  3.6480 0.16285358
  3.6490 0.17522050
  3.6500 0.18805283
  3.6510 0.20114930
  3.6520 0.21429576
  3.6530 0.22726913
  3.6540 0.23984194
  3.6550 0.25178712
  3.6560 0.26288315
  3.6570 0.27291935
  3.6580 0.28170099
  3.6590 0.28905425
  3.6600 0.29483074
  3.6610 0.29891132
  3.6620 0.30120924
  3.6630 0.30167238
  3.6640 0.30028439
  3.6650 0.29706487
  3.6660 0.29206846
  3.6670 0.28538290
  3.6680 0.27712610
  3.6690 0.26744242
  3.6700 0.25649825
  3.6710 0.24447710
  3.6720 0.23157432
  3.6730 0.21799179
  3.6740 0.20393263
  3.6750 0.18959619
  3.6760 0.17517350
  3.6770 0.16084324
  3.6780 0.14676842
  3.6790 0.13309374
  3.6800 0.11994378
  3.6810 0.10742190
  3.6820 0.09560990
  3.6830 0.08456833
  3.6840 0.07433741
  3.6850 0.06493845
  3.6860 0.05637560
  3.6870 0.04863794
  3.6880 0.04170172
  3.6890 0.03553263
  3.6900 0.03008816
  3.6910 0.02531969
  3.6920 0.02117464
  3.6930 0.01759820
  3.6940 0.01453501
  3.6950 0.01193045
  3.6960 0.00973180
  3.6970 0.00788905
  3.6980 0.00635551
  3.6990 0.00508828
  3.7000 0.00404842
  3.7010 0.00320107
  3.7020 0.00251536
  3.7030 0.00196426
  3.7040 0.00152438
  3.7050 0.00117566
  3.7060 0.00090109
  3.7070 0.00068635
  3.7080 0.00051954
  3.7090 0.00039083
  3.7100 0.00029219
  3.7110 0.00021708
  3.7120 0.00016029
  3.7130 0.00011763
  3.7140 0.00008580
  3.7150 0.00006222
  3.7160 0.00004487
  3.7170 0.00003220
  3.7180 0.00002304
  3.7190 0.00001649
  3.7200 0.00001188
  3.7210 0.00000874
  3.7220 0.00000671
  3.7230 0.00000557
  3.7240 0.00000518
  3.7250 0.00000549
  3.7260 0.00000652
  3.7270 0.00000836
  3.7280 0.00001119
  3.7290 0.00001529
  3.7300 0.00002104
  3.7310 0.00002895
  3.7320 0.00003971
  3.7330 0.00005422
  3.7340 0.00007362
  3.7350 0.00009937
  3.7360 0.00013332
  3.7370 0.00017776
  3.7380 0.00023556
  3.7390 0.00031022
  3.7400 0.00040601
  3.7410 0.00052808
  3.7420 0.00068259
  3.7430 0.00087682
  3.7440 0.00111933
  3.7450 0.00142005
  3.7460 0.00179036
  3.7470 0.00224322
  3.7480 0.00279318
  3.7490 0.00345637
  3.7500 0.00425047
  3.7510 0.00519454
  3.7520 0.00630889
  3.7530 0.00761471
  3.7540 0.00913374
  3.7550 0.01088775
  3.7560 0.01289801
  3.7570 0.01518454
  3.7580 0.01776542
  3.7590 0.02065589
  3.7600 0.02386751
  3.7610 0.02740722
  3.7620 0.03127645
  3.7630 0.03547029
  3.7640 0.03997668
  3.7650 0.04477580
  3.7660 0.04983961
  3.7670 0.05513160
  3.7680 0.06060680
  3.7690 0.06621200
  3.7700 0.07188641
  3.7710 0.07756246
  3.7720 0.08316700
  3.7730 0.08862274
  3.7740 0.09384994
  3.7750 0.09876829
  3.7760 0.10329892
  3.7770 0.10736648
  3.7780 0.11090121
  3.7790 0.11384097
  3.7800 0.11613299
  3.7810 0.11773546
  3.7820 0.11861883
  3.7830 0.11876670
  3.7840 0.11817632
  3.7850 0.11685866
  3.7860 0.11483811
  3.7870 0.11215170
  3.7880 0.10884798
  3.7890 0.10498556
  3.7900 0.10063139
  3.7910 0.09585882
  3.7920 0.09074555
  3.7930 0.08537158
  3.7940 0.07981711
  3.7950 0.07416062
  3.7960 0.06847710
  3.7970 0.06283652
  3.7980 0.05730250
  3.7990 0.05193136
  3.8000 0.04677141
  3.8010 0.04186258
  3.8020 0.03723627
  3.8030 0.03291554
  3.8040 0.02891549
  3.8050 0.02524381
  3.8060 0.02190150
  3.8070 0.01888372
  3.8080 0.01618064
  3.8090 0.01377840
  3.8100 0.01165995
  3.8110 0.00980593
  3.8120 0.00819551
  3.8130 0.00680703
  3.8140 0.00561868
  3.8150 0.00460899
  3.8160 0.00375726
  3.8170 0.00304391
  3.8180 0.00245068
  3.8190 0.00196082
  3.8200 0.00155913
  3.8210 0.00123203
  3.8220 0.00096751
  3.8230 0.00075506
  3.8240 0.00058561
  3.8250 0.00045136
  3.8260 0.00034573
  3.8270 0.00026318
  3.8280 0.00019909
  3.8290 0.00014967
  3.8300 0.00011182
  3.8310 0.00008303
  3.8320 0.00006126
  3.8330 0.00004492
  3.8340 0.00003274
  3.8350 0.00002371
  3.8360 0.00001706
  3.8370 0.00001220
  3.8380 0.00000868
  3.8390 0.00000613
  3.8400 0.00000430
  3.8410 0.00000300
  3.8420 0.00000208
  3.8430 0.00000143
  3.8440 0.00000098
  3.8450 0.00000067
  3.8460 0.00000045
  3.8470 0.00000030
  3.8480 0.00000020
  3.8490 0.00000013
  3.8500 0.00000009
  3.8510 0.00000006
  3.8520 0.00000004
  3.8530 0.00000002
  3.8540 0.00000002
  3.8550 0.00000001
  3.8560 0.00000001
  3.8570 0.00000000
  3.8580 0.00000000
  3.8590 0.00000000
  3.8600 0.00000000
  3.8610 0.00000000
  3.8620 0.00000000
  3.8630 0.00000000
  3.8640 0.00000000
  3.8650 0.00000000
  3.8660 0.00000000
  3.8670 0.00000000
  3.8680 0.00000000
  3.8690 0.00000000
  3.8700 0.00000000
  3.8710 0.00000000
  3.8720 0.00000000
  3.8730 0.00000000
  3.8740 0.00000000
  3.8750 0.00000000
  3.8760 0.00000000
  3.8770 0.00000000
  3.8780 0.00000000
  3.8790 0.00000000
  3.8800 0.00000000
  3.8810 0.00000000
  3.8820 0.00000000
  3.8830 0.00000000
  3.8840 0.00000000
  3.8850 0.00000000
  3.8860 0.00000000
  3.8870 0.00000000
  3.8880 0.00000000
  3.8890 0.00000000
  3.8900 0.00000000
  3.8910 0.00000000
  3.8920 0.00000000
  3.8930 0.00000000
  3.8940 0.00000000
  3.8950 0.00000000
  3.8960 0.00000000
  3.8970 0.00000000
  3.8980 0.00000000
  3.8990 0.00000000
  3.9000 0.00000000
  3.9010 0.00000000
  3.9020 0.00000000
  3.9030 0.00000000
  3.9040 0.00000000
  3.9050 0.00000000
  3.9060 0.00000000
  3.9070 0.00000000
  3.9080 0.00000000
  3.9090 0.00000000
  3.9100 0.00000000
  3.9110 0.00000000
  3.9120 0.00000000
  3.9130 0.00000000
  3.9140 0.00000000
  3.9150 0.00000000
  3.9160 0.00000000
  3.9170 0.00000000
  3.9180 0.00000000
  3.9190 0.00000000
  3.9200 0.00000000
  3.9210 0.00000000
  3.9220 0.00000000
  3.9230 0.00000000
  3.9240 0.00000000
  3.9250 0.00000000
  3.9260 0.00000000
  3.9270 0.00000000
  3.9280 0.00000000
  3.9290 0.00000000
  3.9300 0.00000000
  3.9310 0.00000000
  3.9320 0.00000000
  3.9330 0.00000000
  3.9340 0.00000000
  3.9350 0.00000000
  3.9360 0.00000000
  3.9370 0.00000000
  3.9380 0.00000000
  3.9390 0.00000000
  3.9400 0.00000000
  3.9410 0.00000000
  3.9420 0.00000000
  3.9430 0.00000000
  3.9440 0.00000000
  3.9450 0.00000000
  3.9460 0.00000000
  3.9470 0.00000000
  3.9480 0.00000000
  3.9490 0.00000000
  3.9500 0.00000000
  3.9510 0.00000000
  3.9520 0.00000000
  3.9530 0.00000000
  3.9540 0.00000000
  3.9550 0.00000000
  3.9560 0.00000000
  3.9570 0.00000000
  3.9580 0.00000000
  3.9590 0.00000000
  3.9600 0.00000000
  3.9610 0.00000000
  3.9620 0.00000000
  3.9630 0.00000000
  3.9640 0.00000001
  3.9650 0.00000001
  3.9660 0.00000002
  3.9670 0.00000003
  3.9680 0.00000004
  3.9690 0.00000006
  3.9700 0.00000009
  3.9710 0.00000013
  3.9720 0.00000019
  3.9730 0.00000028
  3.9740 0.00000040
  3.9750 0.00000058
  3.9760 0.00000083
  3.9770 0.00000119
  3.9780 0.00000168
  3.9790 0.00000236
  3.9800 0.00000330
  3.9810 0.00000458
  3.9820 0.00000632
  3.9830 0.00000866
  3.9840 0.00001181
  3.9850 0.00001599
  3.9860 0.00002152
  3.9870 0.00002879
  3.9880 0.00003827
  3.9890 0.00005056
  3.9900 0.00006638
  3.9910 0.00008661
  3.9920 0.00011230
  3.9930 0.00014471
  3.9940 0.00018532
  3.9950 0.00023586
  3.9960 0.00029830
  3.9970 0.00037495
  3.9980 0.00046836
  3.9990 0.00058142
  4.0000 0.00071730
  4.0010 0.00087946
  4.0020 0.00107160
  4.0030 0.00129763
  4.0040 0.00156163
  4.0050 0.00186772
  4.0060 0.00222001
  4.0070 0.00262247
  4.0080 0.00307879
  4.0090 0.00359227
  4.0100 0.00416562
  4.0110 0.00480084
  4.0120 0.00549904
  4.0130 0.00626029
  4.0140 0.00708349
  4.0150 0.00796624
  4.0160 0.00890477
  4.0170 0.00989386
  4.0180 0.01092686
  4.0190 0.01199574
  4.0200 0.01309114
  4.0210 0.01420256
  4.0220 0.01531855
  4.0230 0.01642694
  4.0240 0.01751518
  4.0250 0.01857060
  4.0260 0.01958083
  4.0270 0.02053410
  4.0280 0.02141964
  4.0290 0.02222795
  4.0300 0.02295117
  4.0310 0.02358324
  4.0320 0.02412015
  4.0330 0.02455998
  4.0340 0.02490296
  4.0350 0.02515140
  4.0360 0.02530954
  4.0370 0.02538334
  4.0380 0.02538016
  4.0390 0.02530846
  4.0400 0.02517737
  4.0410 0.02499631
  4.0420 0.02477460
  4.0430 0.02452104
  4.0440 0.02424356
  4.0450 0.02394895
  4.0460 0.02364260
  4.0470 0.02332836
  4.0480 0.02300846
  4.0490 0.02268351
  4.0500 0.02235264
  4.0510 0.02201360
  4.0520 0.02166302
  4.0530 0.02129673
  4.0540 0.02091000
  4.0550 0.02049793
  4.0560 0.02005575
  4.0570 0.01957916
  4.0580 0.01906458
  4.0590 0.01850942
  4.0600 0.01791221
  4.0610 0.01727279
  4.0620 0.01659231
  4.0630 0.01587324
  4.0640 0.01511929
  4.0650 0.01433532
  4.0660 0.01352714
  4.0670 0.01270130
  4.0680 0.01186491
  4.0690 0.01102536
  4.0700 0.01019010
  4.0710 0.00936642
  4.0720 0.00856123
  4.0730 0.00778088
  4.0740 0.00703105
  4.0750 0.00631659
  4.0760 0.00564146
  4.0770 0.00500871
  4.0780 0.00442046
  4.0790 0.00387795
  4.0800 0.00338154
  4.0810 0.00293085
  4.0820 0.00252481
  4.0830 0.00216178
  4.0840 0.00183965
  4.0850 0.00155595
  4.0860 0.00130792
  4.0870 0.00109268
  4.0880 0.00090725
  4.0890 0.00074864
  4.0900 0.00061396
  4.0910 0.00050041
  4.0920 0.00040535
  4.0930 0.00032633
  4.0940 0.00026112
  4.0950 0.00020768
  4.0960 0.00016421
  4.0970 0.00012912
  4.0980 0.00010101
  4.0990 0.00007871
  4.1000 0.00006119
  4.1010 0.00004763
  4.1020 0.00003734
  4.1030 0.00002979
  4.1040 0.00002455
  4.1050 0.00002136
  4.1060 0.00002005
  4.1070 0.00002058
  4.1080 0.00002303
  4.1090 0.00002759
  4.1100 0.00003463
  4.1110 0.00004463
  4.1120 0.00005829
  4.1130 0.00007648
  4.1140 0.00010033
  4.1150 0.00013122
  4.1160 0.00017086
  4.1170 0.00022130
  4.1180 0.00028499
  4.1190 0.00036483
  4.1200 0.00046421
  4.1210 0.00058704
  4.1220 0.00073779
  4.1230 0.00092151
  4.1240 0.00114385
  4.1250 0.00141103
  4.1260 0.00172980
  4.1270 0.00210744
  4.1280 0.00255157
  4.1290 0.00307011
  4.1300 0.00367110
  4.1310 0.00436248
  4.1320 0.00515187
  4.1330 0.00604633
  4.1340 0.00705201
  4.1350 0.00817389
  4.1360 0.00941541
  4.1370 0.01077815
  4.1380 0.01226152
  4.1390 0.01386241
  4.1400 0.01557500
  4.1410 0.01739050
  4.1420 0.01929704
  4.1430 0.02127963
  4.1440 0.02332020
  4.1450 0.02539773
  4.1460 0.02748858
  4.1470 0.02956681
  4.1480 0.03160467
  4.1490 0.03357320
  4.1500 0.03544288
  4.1510 0.03718432
  4.1520 0.03876907
  4.1530 0.04017035
  4.1540 0.04136382
  4.1550 0.04232824
  4.1560 0.04304618
  4.1570 0.04350444
  4.1580 0.04369456
  4.1590 0.04361298
  4.1600 0.04326123
  4.1610 0.04264584
  4.1620 0.04177814
  4.1630 0.04067394
  4.1640 0.03935303
  4.1650 0.03783857
  4.1660 0.03615646
  4.1670 0.03433459
  4.1680 0.03240205
  4.1690 0.03038840
  4.1700 0.02832291
  4.1710 0.02623388
  4.1720 0.02414804
  4.1730 0.02209001
  4.1740 0.02008190
  4.1750 0.01814296
  4.1760 0.01628945
  4.1770 0.01453447
  4.1780 0.01288804
  4.1790 0.01135714
  4.1800 0.00994594
  4.1810 0.00865601
  4.1820 0.00748659
  4.1830 0.00643494
  4.1840 0.00549668
  4.1850 0.00466607
  4.1860 0.00393637
  4.1870 0.00330017
  4.1880 0.00274960
  4.1890 0.00227667
  4.1900 0.00187337
  4.1910 0.00153194
  4.1920 0.00124496
  4.1930 0.00100546
  4.1940 0.00080699
  4.1950 0.00064367
  4.1960 0.00051022
  4.1970 0.00040193
  4.1980 0.00031465
  4.1990 0.00024481
  4.2000 0.00018928
  4.2010 0.00014545
  4.2020 0.00011109
  4.2030 0.00008433
  4.2040 0.00006365
  4.2050 0.00004778
  4.2060 0.00003569
  4.2070 0.00002658
  4.2080 0.00001978
  4.2090 0.00001480
  4.2100 0.00001123
  4.2110 0.00000879
  4.2120 0.00000728
  4.2130 0.00000656
  4.2140 0.00000656
  4.2150 0.00000728
  4.2160 0.00000877
  4.2170 0.00001114
  4.2180 0.00001459
  4.2190 0.00001936
  4.2200 0.00002580
  4.2210 0.00003435
  4.2220 0.00004559
  4.2230 0.00006021
  4.2240 0.00007909
  4.2250 0.00010328
  4.2260 0.00013406
  4.2270 0.00017294
  4.2280 0.00022173
  4.2290 0.00028252
  4.2300 0.00035774
  4.2310 0.00045019
  4.2320 0.00056301
  4.2330 0.00069973
  4.2340 0.00086425
  4.2350 0.00106082
  4.2360 0.00129402
  4.2370 0.00156868
  4.2380 0.00188983
  4.2390 0.00226260
  4.2400 0.00269206
  4.2410 0.00318316
  4.2420 0.00374047
  4.2430 0.00436805
  4.2440 0.00506926
  4.2450 0.00584650
  4.2460 0.00670105
  4.2470 0.00763279
  4.2480 0.00864011
  4.2490 0.00971962
  4.2500 0.01086612
  4.2510 0.01207242
  4.2520 0.01332934
  4.2530 0.01462574
  4.2540 0.01594856
  4.2550 0.01728304
  4.2560 0.01861286
  4.2570 0.01992054
  4.2580 0.02118769
  4.2590 0.02239551
  4.2600 0.02352517
  4.2610 0.02455837
  4.2620 0.02547773
  4.2630 0.02626738
  4.2640 0.02691333
  4.2650 0.02740393
  4.2660 0.02773020
  4.2670 0.02788610
  4.2680 0.02786873
  4.2690 0.02767843
  4.2700 0.02731871
  4.2710 0.02679624
  4.2720 0.02612053
  4.2730 0.02530375
  4.2740 0.02436030
  4.2750 0.02330638
  4.2760 0.02215960
  4.2770 0.02093840
  4.2780 0.01966165
  4.2790 0.01834810
  4.2800 0.01701597
  4.2810 0.01568257
  4.2820 0.01436390
  4.2830 0.01307441
  4.2840 0.01182679
  4.2850 0.01063178
  4.2860 0.00949817
  4.2870 0.00843273
  4.2880 0.00744032
  4.2890 0.00652394
  4.2900 0.00568489
  4.2910 0.00492300
  4.2920 0.00423674
  4.2930 0.00362350
  4.2940 0.00307978
  4.2950 0.00260139
  4.2960 0.00218367
  4.2970 0.00182164
  4.2980 0.00151019
  4.2990 0.00124422
  4.3000 0.00101873
  4.3010 0.00082892
  4.3020 0.00067029
  4.3030 0.00053865
  4.3040 0.00043017
  4.3050 0.00034141
  4.3060 0.00026928
  4.3070 0.00021107
  4.3080 0.00016442
  4.3090 0.00012728
  4.3100 0.00009792
  4.3110 0.00007486
  4.3120 0.00005688
  4.3130 0.00004295
  4.3140 0.00003223
  4.3150 0.00002403
  4.3160 0.00001781
  4.3170 0.00001312
  4.3180 0.00000960
  4.3190 0.00000698
  4.3200 0.00000505
  4.3210 0.00000363
  4.3220 0.00000259
  4.3230 0.00000184
  4.3240 0.00000130
  4.3250 0.00000091
  4.3260 0.00000063
  4.3270 0.00000044
  4.3280 0.00000030
  4.3290 0.00000021
  4.3300 0.00000014
  4.3310 0.00000009
  4.3320 0.00000006
  4.3330 0.00000004
  4.3340 0.00000003
  4.3350 0.00000002
  4.3360 0.00000001
  4.3370 0.00000001
  4.3380 0.00000001
  4.3390 0.00000000
  4.3400 0.00000000
  4.3410 0.00000000
  4.3420 0.00000000
  4.3430 0.00000000
  4.3440 0.00000000
  4.3450 0.00000000
  4.3460 0.00000000
  4.3470 0.00000000
  4.3480 0.00000000
  4.3490 0.00000000
  4.3500 0.00000000
  4.3510 0.00000000
  4.3520 0.00000000
  4.3530 0.00000000
  4.3540 0.00000000
  4.3550 0.00000000
  4.3560 0.00000000
  4.3570 0.00000000
  4.3580 0.00000000
  4.3590 0.00000000
  4.3600 0.00000000
  4.3610 0.00000000
  4.3620 0.00000000
  4.3630 0.00000000
  4.3640 0.00000000
  4.3650 0.00000000
  4.3660 0.00000000
  4.3670 0.00000000
  4.3680 0.00000000
  4.3690 0.00000000
  4.3700 0.00000000
  4.3710 0.00000000
  4.3720 0.00000000
  4.3730 0.00000000
  4.3740 0.00000000
  4.3750 0.00000000
  4.3760 0.00000000
  4.3770 0.00000000
  4.3780 0.00000000
  4.3790 0.00000000
  4.3800 0.00000000
  4.3810 0.00000000
  4.3820 0.00000000
  4.3830 0.00000000
  4.3840 0.00000000
  4.3850 0.00000000
  4.3860 0.00000000
  4.3870 0.00000000
  4.3880 0.00000000
  4.3890 0.00000000
  4.3900 0.00000000
  4.3910 0.00000000
  4.3920 0.00000000
  4.3930 0.00000000
  4.3940 0.00000000
  4.3950 0.00000000
  4.3960 0.00000000
  4.3970 0.00000000
  4.3980 0.00000000
  4.3990 0.00000000
  4.4000 0.00000000
  4.4010 0.00000000
  4.4020 0.00000000
  4.4030 0.00000000
  4.4040 0.00000000
  4.4050 0.00000000
  4.4060 0.00000000
  4.4070 0.00000000
  4.4080 0.00000000
  4.4090 0.00000000
  4.4100 0.00000000
  4.4110 0.00000000
  4.4120 0.00000000
  4.4130 0.00000000
  4.4140 0.00000000
  4.4150 0.00000000
  4.4160 0.00000000
  4.4170 0.00000000
  4.4180 0.00000000
  4.4190 0.00000000
  4.4200 0.00000000
  4.4210 0.00000000
  4.4220 0.00000000
  4.4230 0.00000000
  4.4240 0.00000000
  4.4250 0.00000000
  4.4260 0.00000000
  4.4270 0.00000000
  4.4280 0.00000000
  4.4290 0.00000000
  4.4300 0.00000000
  4.4310 0.00000000
  4.4320 0.00000000
  4.4330 0.00000000
  4.4340 0.00000000
  4.4350 0.00000000
  4.4360 0.00000000
  4.4370 0.00000000
  4.4380 0.00000000
  4.4390 0.00000000
  4.4400 0.00000000
  4.4410 0.00000000
  4.4420 0.00000000
  4.4430 0.00000000
  4.4440 0.00000000
  4.4450 0.00000000
  4.4460 0.00000000
  4.4470 0.00000000
  4.4480 0.00000000
  4.4490 0.00000000
  4.4500 0.00000000
  4.4510 0.00000000
  4.4520 0.00000000
  4.4530 0.00000000
  4.4540 0.00000000
  4.4550 0.00000000
  4.4560 0.00000000
  4.4570 0.00000000
  4.4580 0.00000000
  4.4590 0.00000000
  4.4600 0.00000000
  4.4610 0.00000000
  4.4620 0.00000000
  4.4630 0.00000000
  4.4640 0.00000000
  4.4650 0.00000000
  4.4660 0.00000000
  4.4670 0.00000000
  4.4680 0.00000000
  4.4690 0.00000000
  4.4700 0.00000000
  4.4710 0.00000000
  4.4720 0.00000000
  4.4730 0.00000000
  4.4740 0.00000000
  4.4750 0.00000000
  4.4760 0.00000000
  4.4770 0.00000000
  4.4780 0.00000000
  4.4790 0.00000000
  4.4800 0.00000000
  4.4810 0.00000000
  4.4820 0.00000000
  4.4830 0.00000000
  4.4840 0.00000000
  4.4850 0.00000000
  4.4860 0.00000000
  4.4870 0.00000000
  4.4880 0.00000000
  4.4890 0.00000000
  4.4900 0.00000000
  4.4910 0.00000000
  4.4920 0.00000000
  4.4930 0.00000000
  4.4940 0.00000000
  4.4950 0.00000000
  4.4960 0.00000000
  4.4970 0.00000000
  4.4980 0.00000000
  4.4990 0.00000000
  4.5000 0.00000000
  4.5010 0.00000000
  4.5020 0.00000000
  4.5030 0.00000000
  4.5040 0.00000000
  4.5050 0.00000000
  4.5060 0.00000000
  4.5070 0.00000000
  4.5080 0.00000000
  4.5090 0.00000000
  4.5100 0.00000000
  4.5110 0.00000000
  4.5120 0.00000000
  4.5130 0.00000000
  4.5140 0.00000000
  4.5150 0.00000000
  4.5160 0.00000000
  4.5170 0.00000000
  4.5180 0.00000000
  4.5190 0.00000000
  4.5200 0.00000000
  4.5210 0.00000000
  4.5220 0.00000000
  4.5230 0.00000000
  4.5240 0.00000000
  4.5250 0.00000000
  4.5260 0.00000000
  4.5270 0.00000000
  4.5280 0.00000000
  4.5290 0.00000000
  4.5300 0.00000000
  4.5310 0.00000000
  4.5320 0.00000000
  4.5330 0.00000000
  4.5340 0.00000000
  4.5350 0.00000000
  4.5360 0.00000000
  4.5370 0.00000000
  4.5380 0.00000000
  4.5390 0.00000000
  4.5400 0.00000000
  4.5410 0.00000000
  4.5420 0.00000000
  4.5430 0.00000000
  4.5440 0.00000000
  4.5450 0.00000000
  4.5460 0.00000000
  4.5470 0.00000000
  4.5480 0.00000000
  4.5490 0.00000000
  4.5500 0.00000000
  4.5510 0.00000000
  4.5520 0.00000000
  4.5530 0.00000000
  4.5540 0.00000000
  4.5550 0.00000000
  4.5560 0.00000000
  4.5570 0.00000000
  4.5580 0.00000000
  4.5590 0.00000000
  4.5600 0.00000000
  4.5610 0.00000000
  4.5620 0.00000000
  4.5630 0.00000000
  4.5640 0.00000000
  4.5650 0.00000000
  4.5660 0.00000000
  4.5670 0.00000000
  4.5680 0.00000000
  4.5690 0.00000000
  4.5700 0.00000000
  4.5710 0.00000000
  4.5720 0.00000000
  4.5730 0.00000000
  4.5740 0.00000000
  4.5750 0.00000000
  4.5760 0.00000000
  4.5770 0.00000000
  4.5780 0.00000000
  4.5790 0.00000000
  4.5800 0.00000000
  4.5810 0.00000000
  4.5820 0.00000000
  4.5830 0.00000000
  4.5840 0.00000000
  4.5850 0.00000000
  4.5860 0.00000000
  4.5870 0.00000000
  4.5880 0.00000000
  4.5890 0.00000000
  4.5900 0.00000000
  4.5910 0.00000000
  4.5920 0.00000000
  4.5930 0.00000000
  4.5940 0.00000000
  4.5950 0.00000000
  4.5960 0.00000000
  4.5970 0.00000000
  4.5980 0.00000000
  4.5990 0.00000000
  4.6000 0.00000000
  4.6010 0.00000000
  4.6020 0.00000000
  4.6030 0.00000000
  4.6040 0.00000000
  4.6050 0.00000000
  4.6060 0.00000000
  4.6070 0.00000000
  4.6080 0.00000000
  4.6090 0.00000000
  4.6100 0.00000000
  4.6110 0.00000000
  4.6120 0.00000000
  4.6130 0.00000000
  4.6140 0.00000000
  4.6150 0.00000000
  4.6160 0.00000000
  4.6170 0.00000000
  4.6180 0.00000000
  4.6190 0.00000000
  4.6200 0.00000000
  4.6210 0.00000000
  4.6220 0.00000000
  4.6230 0.00000000
  4.6240 0.00000000
  4.6250 0.00000000
  4.6260 0.00000000
  4.6270 0.00000000
  4.6280 0.00000000
  4.6290 0.00000000
  4.6300 0.00000000
  4.6310 0.00000000
  4.6320 0.00000000
  4.6330 0.00000000
  4.6340 0.00000000
  4.6350 0.00000000
  4.6360 0.00000000
  4.6370 0.00000000
  4.6380 0.00000000
  4.6390 0.00000000
  4.6400 0.00000000
  4.6410 0.00000000
  4.6420 0.00000000
  4.6430 0.00000000
  4.6440 0.00000000
  4.6450 0.00000000
  4.6460 0.00000000
  4.6470 0.00000000
  4.6480 0.00000000
  4.6490 0.00000000
  4.6500 0.00000000
  4.6510 0.00000000
  4.6520 0.00000000
  4.6530 0.00000000
  4.6540 0.00000000
  4.6550 0.00000000
  4.6560 0.00000000
  4.6570 0.00000000
  4.6580 0.00000000
  4.6590 0.00000000
  4.6600 0.00000000
  4.6610 0.00000000
  4.6620 0.00000000
  4.6630 0.00000000
  4.6640 0.00000000
  4.6650 0.00000000
  4.6660 0.00000000
  4.6670 0.00000000
  4.6680 0.00000000
  4.6690 0.00000000
  4.6700 0.00000000
  4.6710 0.00000000
  4.6720 0.00000000
  4.6730 0.00000000
  4.6740 0.00000000
  4.6750 0.00000000
  4.6760 0.00000000
  4.6770 0.00000000
  4.6780 0.00000000
  4.6790 0.00000000
  4.6800 0.00000000
  4.6810 0.00000000
  4.6820 0.00000000
  4.6830 0.00000000
  4.6840 0.00000000
  4.6850 0.00000000
  4.6860 0.00000000
  4.6870 0.00000000
  4.6880 0.00000000
  4.6890 0.00000000
  4.6900 0.00000000
  4.6910 0.00000000
  4.6920 0.00000000
  4.6930 0.00000000
  4.6940 0.00000000
  4.6950 0.00000000
  4.6960 0.00000000
  4.6970 0.00000000
  4.6980 0.00000000
  4.6990 0.00000000
  4.7000 0.00000000
  4.7010 0.00000000
  4.7020 0.00000000
  4.7030 0.00000000
  4.7040 0.00000000
  4.7050 0.00000000
  4.7060 0.00000000
  4.7070 0.00000000
  4.7080 0.00000000
  4.7090 0.00000000
  4.7100 0.00000000
  4.7110 0.00000000
  4.7120 0.00000000
  4.7130 0.00000000
  4.7140 0.00000000
  4.7150 0.00000000
  4.7160 0.00000000
  4.7170 0.00000000
  4.7180 0.00000000
  4.7190 0.00000000
  4.7200 0.00000000
  4.7210 0.00000000
  4.7220 0.00000000
  4.7230 0.00000000
  4.7240 0.00000000
  4.7250 0.00000000
  4.7260 0.00000000
  4.7270 0.00000000
  4.7280 0.00000000
  4.7290 0.00000000
  4.7300 0.00000000
  4.7310 0.00000000
  4.7320 0.00000000
  4.7330 0.00000000
  4.7340 0.00000000
  4.7350 0.00000000
  4.7360 0.00000000
  4.7370 0.00000000
  4.7380 0.00000000
  4.7390 0.00000000
  4.7400 0.00000000
  4.7410 0.00000000
  4.7420 0.00000000
  4.7430 0.00000000
  4.7440 0.00000000
  4.7450 0.00000000
  4.7460 0.00000000
  4.7470 0.00000000
  4.7480 0.00000000
  4.7490 0.00000000
  4.7500 0.00000000
  4.7510 0.00000000
  4.7520 0.00000000
  4.7530 0.00000000
  4.7540 0.00000000
  4.7550 0.00000000
  4.7560 0.00000000
  4.7570 0.00000000
  4.7580 0.00000000
  4.7590 0.00000000
  4.7600 0.00000000
  4.7610 0.00000000
  4.7620 0.00000000
  4.7630 0.00000000
  4.7640 0.00000000
  4.7650 0.00000000
  4.7660 0.00000000
  4.7670 0.00000000
  4.7680 0.00000000
  4.7690 0.00000000
  4.7700 0.00000000
  4.7710 0.00000000
  4.7720 0.00000000
  4.7730 0.00000000
  4.7740 0.00000000
  4.7750 0.00000000
  4.7760 0.00000000
  4.7770 0.00000000
  4.7780 0.00000000
  4.7790 0.00000000
  4.7800 0.00000000
  4.7810 0.00000000
  4.7820 0.00000000
  4.7830 0.00000000
  4.7840 0.00000000
  4.7850 0.00000000
  4.7860 0.00000000
  4.7870 0.00000000
  4.7880 0.00000000
  4.7890 0.00000000
  4.7900 0.00000000
  4.7910 0.00000000
  4.7920 0.00000000
  4.7930 0.00000000
  4.7940 0.00000000
  4.7950 0.00000000
  4.7960 0.00000000
  4.7970 0.00000000
  4.7980 0.00000000
  4.7990 0.00000000
  4.8000 0.00000000
  4.8010 0.00000000
  4.8020 0.00000000
  4.8030 0.00000000
  4.8040 0.00000000
  4.8050 0.00000000
  4.8060 0.00000000
  4.8070 0.00000000
  4.8080 0.00000000
  4.8090 0.00000000
  4.8100 0.00000000
  4.8110 0.00000000
  4.8120 0.00000000
  4.8130 0.00000000
  4.8140 0.00000000
  4.8150 0.00000000
  4.8160 0.00000000
  4.8170 0.00000000
  4.8180 0.00000000
  4.8190 0.00000000
  4.8200 0.00000000
  4.8210 0.00000000
  4.8220 0.00000000
  4.8230 0.00000000
  4.8240 0.00000000
  4.8250 0.00000000
  4.8260 0.00000000
  4.8270 0.00000000
  4.8280 0.00000000
  4.8290 0.00000000
  4.8300 0.00000000
  4.8310 0.00000000
  4.8320 0.00000000
  4.8330 0.00000000
  4.8340 0.00000000
  4.8350 0.00000000
  4.8360 0.00000000
  4.8370 0.00000000
  4.8380 0.00000000
  4.8390 0.00000000
  4.8400 0.00000000
  4.8410 0.00000000
  4.8420 0.00000000
  4.8430 0.00000000
  4.8440 0.00000000
  4.8450 0.00000000
  4.8460 0.00000000
  4.8470 0.00000000
  4.8480 0.00000000
  4.8490 0.00000000
  4.8500 0.00000000
  4.8510 0.00000000
  4.8520 0.00000000
  4.8530 0.00000000
  4.8540 0.00000000
  4.8550 0.00000000
  4.8560 0.00000000
  4.8570 0.00000000
  4.8580 0.00000000
  4.8590 0.00000000
  4.8600 0.00000000
  4.8610 0.00000000
  4.8620 0.00000000
  4.8630 0.00000000
  4.8640 0.00000000
  4.8650 0.00000000
  4.8660 0.00000000
  4.8670 0.00000000
  4.8680 0.00000000
  4.8690 0.00000000
  4.8700 0.00000000
  4.8710 0.00000000
  4.8720 0.00000000
  4.8730 0.00000000
  4.8740 0.00000000
  4.8750 0.00000000
  4.8760 0.00000000
  4.8770 0.00000000
  4.8780 0.00000000
  4.8790 0.00000000
  4.8800 0.00000000
  4.8810 0.00000000
  4.8820 0.00000000
  4.8830 0.00000000
  4.8840 0.00000000
  4.8850 0.00000000
  4.8860 0.00000000
  4.8870 0.00000000
  4.8880 0.00000000
  4.8890 0.00000000
  4.8900 0.00000000
  4.8910 0.00000000
  4.8920 0.00000000
  4.8930 0.00000000
  4.8940 0.00000000
  4.8950 0.00000000
  4.8960 0.00000000
  4.8970 0.00000000
  4.8980 0.00000000
  4.8990 0.00000000
  4.9000 0.00000000
  4.9010 0.00000000
  4.9020 0.00000000
  4.9030 0.00000000
  4.9040 0.00000000
  4.9050 0.00000000
  4.9060 0.00000000
  4.9070 0.00000000
  4.9080 0.00000000
  4.9090 0.00000000
  4.9100 0.00000000
  4.9110 0.00000000
  4.9120 0.00000000
  4.9130 0.00000000
  4.9140 0.00000000
  4.9150 0.00000000
  4.9160 0.00000000
  4.9170 0.00000000
  4.9180 0.00000000
  4.9190 0.00000000
  4.9200 0.00000000
  4.9210 0.00000000
  4.9220 0.00000000
  4.9230 0.00000000
  4.9240 0.00000000
  4.9250 0.00000000
  4.9260 0.00000000
  4.9270 0.00000000
  4.9280 0.00000000
  4.9290 0.00000000
  4.9300 0.00000000
  4.9310 0.00000000
  4.9320 0.00000000
  4.9330 0.00000000
  4.9340 0.00000000
  4.9350 0.00000000
  4.9360 0.00000000
  4.9370 0.00000000
  4.9380 0.00000000
  4.9390 0.00000000
  4.9400 0.00000000
  4.9410 0.00000000
  4.9420 0.00000000
  4.9430 0.00000000
  4.9440 0.00000000
  4.9450 0.00000000
  4.9460 0.00000000
  4.9470 0.00000000
  4.9480 0.00000000
  4.9490 0.00000000
  4.9500 0.00000000
  4.9510 0.00000000
  4.9520 0.00000000
  4.9530 0.00000000
  4.9540 0.00000000
  4.9550 0.00000000
  4.9560 0.00000000
  4.9570 0.00000000
  4.9580 0.00000000
  4.9590 0.00000000
  4.9600 0.00000000
  4.9610 0.00000000
  4.9620 0.00000000
  4.9630 0.00000000
  4.9640 0.00000000
  4.9650 0.00000000
  4.9660 0.00000000
  4.9670 0.00000000
  4.9680 0.00000000
  4.9690 0.00000000
  4.9700 0.00000000
  4.9710 0.00000000
  4.9720 0.00000000
  4.9730 0.00000000
  4.9740 0.00000000
  4.9750 0.00000000
  4.9760 0.00000000
  4.9770 0.00000000
  4.9780 0.00000000
  4.9790 0.00000000
  4.9800 0.00000000
  4.9810 0.00000000
  4.9820 0.00000000
  4.9830 0.00000000
  4.9840 0.00000000
  4.9850 0.00000000
  4.9860 0.00000000
  4.9870 0.00000000
  4.9880 0.00000000
  4.9890 0.00000000
  4.9900 0.00000000
  4.9910 0.00000000
  4.9920 0.00000000
  4.9930 0.00000000
  4.9940 0.00000000
  4.9950 0.00000000
  4.9960 0.00000000
  4.9970 0.00000000
  4.9980 0.00000000
  4.9990 0.00000000
